#
# A fatal error has been detected by the Java Runtime Environment:
#
#  EXCEPTION_ACCESS_VIOLATION (0xc0000005) at pc=0x00007ffc8c55c4f6, pid=16168, tid=8776
#
# JRE version: OpenJDK Runtime Environment Temurin-21.0.6+7 (21.0.6+7) (build 21.0.6+7-LTS)
# Java VM: OpenJDK 64-Bit Server VM Temurin-21.0.6+7 (21.0.6+7-LTS, mixed mode, emulated-client, sharing, tiered, compressed oops, compressed class ptrs, g1 gc, windows-amd64)
# Problematic frame:
# V  [jvm.dll+0xc4f6]
#
# No core dump will be written. Minidumps are not enabled by default on client versions of Windows
#
# If you would like to submit a bug report, please visit:
#   https://github.com/adoptium/adoptium-support/issues
#

---------------  S U M M A R Y ------------

Command Line: -XX:+ShowCodeDetailsInExceptionMessages -agentlib:jdwp=transport=dt_socket,suspend=y,address=localhost:58494 -Dcom.sun.management.jmxremote -Dcom.sun.management.jmxremote.port=58493 -Dcom.sun.management.jmxremote.authenticate=false -Dcom.sun.management.jmxremote.ssl=false -Djava.rmi.server.hostname=localhost -Dspring.jmx.enabled=true -Dmanagement.endpoints.jmx.exposure.include=* -Dspring.application.admin.enabled=true -Dspring.output.ansi.enabled=always -XX:TieredStopAtLevel=1 -Dspring.boot.project.name=support -javaagent:D:\New Applications\IDE\sts-4.30.0.RELEASE\configuration\org.eclipse.osgi\270\0\.cp\lib\javaagent-shaded.jar -Dfile.encoding=UTF-8 -Dstdout.encoding=UTF-8 -Dstderr.encoding=UTF-8 com.medicssupport.support.SupportApplication

Host: AMD Ryzen 5 7520U with Radeon Graphics         , 8 cores, 15G,  Windows 11 , 64 bit Build 26100 (10.0.26100.3775)
Time: Sat Apr 26 22:35:44 2025 India Standard Time elapsed time: 2148.215537 seconds (0d 0h 35m 48s)

---------------  T H R E A D  ---------------

Current thread (0x0000025d483430b0):  WorkerThread "GC Thread#3"    [id=8776, stack(0x000000c63ff00000,0x000000c640000000) (1024K)]

Stack: [0x000000c63ff00000,0x000000c640000000],  sp=0x000000c63fffe458,  free space=1017k
Native frames: (J=compiled Java code, j=interpreted, Vv=VM code, C=native code)
V  [jvm.dll+0xc4f6]

JavaThread 0x0000025d4abd4b90 (nid = 25852) was being processed
Java frames: (J=compiled Java code, j=interpreted, Vv=VM code)
j  java.lang.invoke.DirectMethodHandle$Holder.newInvokeSpecial(Ljava/lang/Object;)Ljava/lang/Object;+15 java.base@21.0.6
J 919 c1 jdk.internal.reflect.DirectConstructorHandleAccessor.newInstance([Ljava/lang/Object;)Ljava/lang/Object; java.base@21.0.6 (130 bytes) @ 0x0000025d77be9dec [0x0000025d77be9be0+0x000000000000020c]
J 891 c1 java.lang.reflect.Constructor.newInstanceWithCaller([Ljava/lang/Object;ZLjava/lang/Class;)Ljava/lang/Object; java.base@21.0.6 (51 bytes) @ 0x0000025d77b519bc [0x0000025d77b518e0+0x00000000000000dc]
J 921 c1 java.lang.reflect.Constructor.newInstance([Ljava/lang/Object;)Ljava/lang/Object; java.base@21.0.6 (34 bytes) @ 0x0000025d77be7674 [0x0000025d77be75c0+0x00000000000000b4]
j  org.hibernate.metamodel.internal.EntityInstantiatorPojoStandard.instantiate(Lorg/hibernate/engine/spi/SessionFactoryImplementor;)Ljava/lang/Object;+51
j  org.hibernate.persister.entity.AbstractEntityPersister.lambda$prepareMappingModel$14(Lorg/hibernate/metamodel/spi/EntityInstantiator;Lorg/hibernate/engine/spi/SessionFactoryImplementor;)Ljava/lang/Object;+2
j  org.hibernate.persister.entity.AbstractEntityPersister$$Lambda+0x0000025d0492f658.get()Ljava/lang/Object;+8
j  org.hibernate.internal.util.LazyValue.getValue()Ljava/lang/Object;+11
j  org.hibernate.persister.entity.AbstractEntityPersister$$Lambda+0x0000025d0492f870.get()Ljava/lang/Object;+4
j  org.hibernate.engine.internal.UnsavedValueFactory.getUnsavedIdentifierValue(Lorg/hibernate/mapping/KeyValue;Lorg/hibernate/type/descriptor/java/JavaType;Lorg/hibernate/property/access/spi/Getter;Ljava/util/function/Supplier;)Lorg/hibernate/engine/spi/IdentifierValue;+22
j  org.hibernate.metamodel.mapping.internal.BasicEntityIdentifierMappingImpl.<init>(Lorg/hibernate/persister/entity/EntityPersister;Ljava/util/function/Supplier;Ljava/lang/String;Ljava/lang/String;Ljava/lang/String;Ljava/lang/String;Ljava/lang/Long;Ljava/lang/Integer;Ljava/lang/Integer;ZZLorg/hibernate/type/BasicType;Lorg/hibernate/metamodel/mapping/internal/MappingModelCreationProcess;)V+178
j  org.hibernate.persister.entity.AbstractEntityPersister.generateIdentifierMapping(Ljava/util/function/Supplier;Lorg/hibernate/mapping/PersistentClass;Lorg/hibernate/metamodel/mapping/internal/MappingModelCreationProcess;)Lorg/hibernate/metamodel/mapping/EntityIdentifierMapping;+209
j  org.hibernate.persister.entity.AbstractEntityPersister.lambda$prepareMappingModel$15(Ljava/util/function/Supplier;Lorg/hibernate/mapping/PersistentClass;Ljava/lang/String;Lorg/hibernate/metamodel/mapping/internal/MappingModelCreationProcess;)Lorg/hibernate/metamodel/mapping/EntityIdentifierMapping;+5
j  org.hibernate.persister.entity.AbstractEntityPersister$$Lambda+0x0000025d0492fc78.produceSubMapping(Ljava/lang/String;Lorg/hibernate/metamodel/mapping/internal/MappingModelCreationProcess;)Ljava/lang/Object;+14
j  org.hibernate.metamodel.mapping.internal.MappingModelCreationProcess.processSubPart(Ljava/lang/String;Lorg/hibernate/metamodel/mapping/internal/MappingModelCreationProcess$SubPartMappingProducer;)Lorg/hibernate/metamodel/mapping/ModelPart;+46
j  org.hibernate.persister.entity.AbstractEntityPersister.prepareMappingModel(Lorg/hibernate/metamodel/mapping/internal/MappingModelCreationProcess;Lorg/hibernate/mapping/PersistentClass;)V+72
j  org.hibernate.persister.entity.AbstractEntityPersister.prepareMappingModel(Lorg/hibernate/metamodel/mapping/internal/MappingModelCreationProcess;)V+149
j  org.hibernate.metamodel.mapping.internal.MappingModelCreationProcess.execute()V+96
j  org.hibernate.metamodel.mapping.internal.MappingModelCreationProcess.process(Lorg/hibernate/metamodel/model/domain/internal/EntityPersisterConcurrentMap;Lorg/hibernate/metamodel/spi/RuntimeModelCreationContext;)V+11
j  org.hibernate.metamodel.model.domain.internal.MappingMetamodelImpl.finishInitialization(Lorg/hibernate/metamodel/spi/RuntimeModelCreationContext;)V+112
j  org.hibernate.internal.SessionFactoryImpl.initializeMappingModel(Lorg/hibernate/metamodel/model/domain/internal/MappingMetamodelImpl;Lorg/hibernate/boot/spi/BootstrapContext;Lorg/hibernate/boot/spi/MetadataImplementor;Lorg/hibernate/boot/spi/SessionFactoryOptions;)V+18
j  org.hibernate.internal.SessionFactoryImpl.<init>(Lorg/hibernate/boot/spi/MetadataImplementor;Lorg/hibernate/boot/spi/SessionFactoryOptions;Lorg/hibernate/boot/spi/BootstrapContext;)V+599
j  org.hibernate.boot.internal.SessionFactoryBuilderImpl.build()Lorg/hibernate/SessionFactory;+16
j  org.hibernate.jpa.boot.internal.EntityManagerFactoryBuilderImpl.build()Ljakarta/persistence/EntityManagerFactory;+22
j  org.springframework.orm.jpa.vendor.SpringHibernateJpaPersistenceProvider.createContainerEntityManagerFactory(Ljakarta/persistence/spi/PersistenceUnitInfo;Ljava/util/Map;)Ljakarta/persistence/EntityManagerFactory;+59
j  org.springframework.orm.jpa.LocalContainerEntityManagerFactoryBean.createNativeEntityManagerFactory()Ljakarta/persistence/EntityManagerFactory;+111
j  org.springframework.orm.jpa.AbstractEntityManagerFactoryBean.buildNativeEntityManagerFactory()Ljakarta/persistence/EntityManagerFactory;+1
j  org.springframework.orm.jpa.AbstractEntityManagerFactoryBean.afterPropertiesSet()V+192
j  org.springframework.orm.jpa.LocalContainerEntityManagerFactoryBean.afterPropertiesSet()V+81
J 5232 c1 org.springframework.beans.factory.support.AbstractAutowireCapableBeanFactory.invokeInitMethods(Ljava/lang/String;Ljava/lang/Object;Lorg/springframework/beans/factory/support/RootBeanDefinition;)V (161 bytes) @ 0x0000025d77b5f5cc [0x0000025d77b5f300+0x00000000000002cc]
J 5230 c1 org.springframework.beans.factory.support.AbstractAutowireCapableBeanFactory.initializeBean(Ljava/lang/String;Ljava/lang/Object;Lorg/springframework/beans/factory/support/RootBeanDefinition;)Ljava/lang/Object; (93 bytes) @ 0x0000025d77b61904 [0x0000025d77b61820+0x00000000000000e4]
J 6601 c1 org.springframework.beans.factory.support.AbstractAutowireCapableBeanFactory.doCreateBean(Ljava/lang/String;Lorg/springframework/beans/factory/support/RootBeanDefinition;[Ljava/lang/Object;)Ljava/lang/Object; (465 bytes) @ 0x0000025d784dc45c [0x0000025d784dbe00+0x000000000000065c]
J 6600 c1 org.springframework.beans.factory.support.AbstractAutowireCapableBeanFactory.createBean(Ljava/lang/String;Lorg/springframework/beans/factory/support/RootBeanDefinition;[Ljava/lang/Object;)Ljava/lang/Object; (214 bytes) @ 0x0000025d784df12c [0x0000025d784dec40+0x00000000000004ec]
J 6615 c1 org.springframework.beans.factory.support.AbstractBeanFactory$$Lambda+0x0000025d0425dd98.getObject()Ljava/lang/Object; (20 bytes) @ 0x0000025d784cab3c [0x0000025d784caaa0+0x000000000000009c]
J 6613 c1 org.springframework.beans.factory.support.DefaultSingletonBeanRegistry.getSingleton(Ljava/lang/String;Lorg/springframework/beans/factory/ObjectFactory;)Ljava/lang/Object; (1278 bytes) @ 0x0000025d784cd98c [0x0000025d784cc7c0+0x00000000000011cc]
J 3187 c1 org.springframework.beans.factory.support.AbstractBeanFactory.doGetBean(Ljava/lang/String;Ljava/lang/Class;[Ljava/lang/Object;Z)Ljava/lang/Object; (787 bytes) @ 0x0000025d7806d5ac [0x0000025d7806cf20+0x000000000000068c]
J 3191 c1 org.springframework.beans.factory.support.AbstractBeanFactory.getBean(Ljava/lang/String;Ljava/lang/Class;)Ljava/lang/Object; (9 bytes) @ 0x0000025d78066cb4 [0x0000025d78066c40+0x0000000000000074]
j  org.springframework.context.support.AbstractApplicationContext.finishBeanFactoryInitialization(Lorg/springframework/beans/factory/config/ConfigurableListableBeanFactory;)V+220
j  org.springframework.context.support.AbstractApplicationContext.refresh()V+94
j  org.springframework.boot.web.servlet.context.ServletWebServerApplicationContext.refresh()V+1
j  org.springframework.boot.SpringApplication.refresh(Lorg/springframework/context/ConfigurableApplicationContext;)V+1
j  org.springframework.boot.SpringApplication.refreshContext(Lorg/springframework/context/ConfigurableApplicationContext;)V+19
j  org.springframework.boot.SpringApplication.run([Ljava/lang/String;)Lorg/springframework/context/ConfigurableApplicationContext;+113
j  org.springframework.boot.SpringApplication.run([Ljava/lang/Class;[Ljava/lang/String;)Lorg/springframework/context/ConfigurableApplicationContext;+9
j  org.springframework.boot.SpringApplication.run(Ljava/lang/Class;[Ljava/lang/String;)Lorg/springframework/context/ConfigurableApplicationContext;+9
j  com.medicssupport.support.SupportApplication.main([Ljava/lang/String;)V+3
j  java.lang.invoke.LambdaForm$DMH+0x0000025d04004c00.invokeStatic(Ljava/lang/Object;Ljava/lang/Object;)V+10 java.base@21.0.6
j  java.lang.invoke.LambdaForm$MH+0x0000025d047d9400.invoke(Ljava/lang/Object;Ljava/lang/Object;Ljava/lang/Object;)Ljava/lang/Object;+33 java.base@21.0.6
J 4666 c1 jdk.internal.reflect.DirectMethodHandleAccessor.invoke(Ljava/lang/Object;[Ljava/lang/Object;)Ljava/lang/Object; java.base@21.0.6 (92 bytes) @ 0x0000025d77f5d4fc [0x0000025d77f5d140+0x00000000000003bc]
J 4722 c1 java.lang.reflect.Method.invoke(Ljava/lang/Object;[Ljava/lang/Object;)Ljava/lang/Object; java.base@21.0.6 (108 bytes) @ 0x0000025d77f43ff4 [0x0000025d77f43e00+0x00000000000001f4]
j  org.springframework.boot.devtools.restart.RestartLauncher.run()V+47
v  ~StubRoutines::call_stub 0x0000025d7784100d

siginfo: EXCEPTION_ACCESS_VIOLATION (0xc0000005), reading address 0x0000025d0672b56f


Registers:
RAX=0x0000000000000000, RBX=0x0000000000000120, RCX=0x000000c63fcfcf50, RDX=0x000000c63fcfcf50
RSP=0x000000c63fffe458, RBP=0x000000c63fffe630, RSI=0x000000c63fffe800, RDI=0x000000c63fcfcf50
R8 =0x0000025d0672b567, R9 =0x000000c63fcfcf50, R10=0x0000025d77840000, R11=0x000000c63fffe6a8
R12=0x0000025d035427e8, R13=0x000000c63fcfcf50, R14=0x0000025d486bbf20, R15=0x0000025d0672b567
RIP=0x00007ffc8c55c4f6, EFLAGS=0x0000000000010202

XMM[0]=0x3b3b3b3b3b3b3b3b 0x3b3b3b3b3b3b3b3b
XMM[1]=0x0000000000000000 0x00000000000000ff
XMM[2]=0x0000000000000000 0x0000000000000000
XMM[3]=0x0000000000000000 0x40a0c86213bef9a5
XMM[4]=0x0000000000000000 0x0000000000000000
XMM[5]=0x0000000000000000 0x0000000000000000
XMM[6]=0x0000000000000000 0x0000000000000000
XMM[7]=0x0000000000000000 0x0000000000000000
XMM[8]=0x0000000000000000 0x0000000000000000
XMM[9]=0x0000000000000000 0x0000000000000000
XMM[10]=0x0000000000000000 0x0000000000000000
XMM[11]=0x0000000000000000 0x0000000000000000
XMM[12]=0x0000000000000000 0x0000000000000000
XMM[13]=0x0000000000000000 0x0000000000000000
XMM[14]=0x0000000000000000 0x0000000000000000
XMM[15]=0x0000000000000000 0x0000000000000000
  MXCSR=0x00001fa0


Register to memory mapping:

RAX=0x0 is null
RBX=0x0000000000000120 is an unknown value
RCX=0x000000c63fcfcf50 is pointing into the stack for thread: 0x0000025d4abd4b90
RDX=0x000000c63fcfcf50 is pointing into the stack for thread: 0x0000025d4abd4b90
RSP=0x000000c63fffe458 points into unknown readable memory: 0x00007ffc8c8a7ddb | db 7d 8a 8c fc 7f 00 00
RBP=0x000000c63fffe630 points into unknown readable memory: 0x0000025d00000000 | 00 00 00 00 5d 02 00 00
RSI=0x000000c63fffe800 points into unknown readable memory: 0x000000c63fcfcf48 | 48 cf cf 3f c6 00 00 00
RDI=0x000000c63fcfcf50 is pointing into the stack for thread: 0x0000025d4abd4b90
R8 =0x0000025d0672b567 is an unknown value
R9 =0x000000c63fcfcf50 is pointing into the stack for thread: 0x0000025d4abd4b90
R10=0x0000025d77840000 points into unknown readable memory: 0x0000000000000006 | 06 00 00 00 00 00 00 00
R11=0x000000c63fffe6a8 points into unknown readable memory: 0x00007ffc8c86466d | 6d 46 86 8c fc 7f 00 00
R12=0x0000025d035427e8 is pointing into metadata
R13=0x000000c63fcfcf50 is pointing into the stack for thread: 0x0000025d4abd4b90
R14=0x0000025d486bbf20 points into unknown readable memory: 0x00007ffc8cf7bc18 | 18 bc f7 8c fc 7f 00 00
R15=0x0000025d0672b567 is an unknown value

Top of Stack: (sp=0x000000c63fffe458)
0x000000c63fffe458:   00007ffc8c8a7ddb 0000000000000000
0x000000c63fffe468:   0000000000000004 0000025d486bbf20
0x000000c63fffe478:   0000000000000000 0000025d486bc0a8
0x000000c63fffe488:   00007ffc8c876595 0000025d4a9726a8
0x000000c63fffe498:   00007ffc8cce7441 000000000000012f
0x000000c63fffe4a8:   00007ffc8cc0c1b2 0000025d4a972648
0x000000c63fffe4b8:   0000000000000000 0000025d481d1070
0x000000c63fffe4c8:   0000025d481645f0 0000025d035427e8
0x000000c63fffe4d8:   000000c63fcfcf50 000000c63fffe800
0x000000c63fffe4e8:   000000c63fffe630 0000025d4a972648
0x000000c63fffe4f8:   00007ffc8c8b63a4 000000c63fffe5c0
0x000000c63fffe508:   000000c63fffe800 0000025d03480090
0x000000c63fffe518:   0000000000000000 0000025d4a972648
0x000000c63fffe528:   00007ffc8c864c1b 0000000000000001
0x000000c63fffe538:   0000025d030b5bd0 0000025d4a972648
0x000000c63fffe548:   000000c63fffe800 0000000f7838fe01
0x000000c63fffe558:   0000025d030b5bd0 0000025d483430b0
0x000000c63fffe568:   0000025d00000003 00000000000003d8
0x000000c63fffe578:   0000025d48164600 0000025d481649d8
0x000000c63fffe588:   0000025d0372b567 0000025d000000b8
0x000000c63fffe598:   0000025d030b5bd0 00007ffc8cf73180
0x000000c63fffe5a8:   000000c63fffe800 0000025d4a972648
0x000000c63fffe5b8:   0000000400000003 0000025d035427e8
0x000000c63fffe5c8:   0000001300000001 0000000000000032
0x000000c63fffe5d8:   000000010000000c 0000025d03480090
0x000000c63fffe5e8:   0000000000000000 0000025d7838fe90
0x000000c63fffe5f8:   00007fb54e6249f7 00007ffc8cdab120
0x000000c63fffe608:   000000c63fffe690 00000000000003d8
0x000000c63fffe618:   0000025d481649d8 0000025d03017358
0x000000c63fffe628:   0000000678380013 0000025d00000000
0x000000c63fffe638:   0000000000000015 0000025d4a972648
0x000000c63fffe648:   00007ffc8c8b63fe 0000000000000000 

Instructions: (pc=0x00007ffc8c55c4f6)
0x00007ffc8c55c3f6:   48 8b 05 73 f6 cc 00 48 8b 48 60 48 8b 04 d1 48
0x00007ffc8c55c406:   85 c0 75 08 48 8b 05 67 f6 cc 00 c3 48 8b 05 57
0x00007ffc8c55c416:   f6 cc 00 c3 cc cc cc cc cc cc 8b 05 92 cb c1 00
0x00007ffc8c55c426:   c3 cc cc cc cc cc cc cc cc cc 0f b6 05 e3 e1 c1
0x00007ffc8c55c436:   00 48 8b d1 84 c0 74 16 44 8b 41 08 8b 0d 70 cb
0x00007ffc8c55c446:   c1 00 49 d3 e0 4c 03 05 5e cb c1 00 eb 04 4c 8b
0x00007ffc8c55c456:   41 08 45 8b 48 08 45 85 c9 7e 0e 41 f6 c1 01 75
0x00007ffc8c55c466:   53 41 c1 f9 03 49 63 c1 c3 79 49 84 c0 41 b8 0c
0x00007ffc8c55c476:   00 00 00 8b 05 a9 dc c1 00 b9 10 00 00 00 41 0f
0x00007ffc8c55c486:   45 c8 ff c8 4c 63 c0 41 8b c1 48 c1 f8 10 0f b6
0x00007ffc8c55c496:   c0 48 63 14 11 41 8b c9 83 e1 3f 48 d3 e2 49 8d
0x00007ffc8c55c4a6:   0c 10 49 f7 d0 48 03 c1 49 c1 e8 03 48 c1 e8 03
0x00007ffc8c55c4b6:   49 23 c0 c3 49 8b 00 49 8b c8 48 ff a0 00 01 00
0x00007ffc8c55c4c6:   00 cc cc cc cc cc cc cc cc cc 8b 44 24 30 45 03
0x00007ffc8c55c4d6:   c9 44 2b 4c 24 28 83 c0 0b 44 03 ca 45 03 c8 41
0x00007ffc8c55c4e6:   03 c1 c3 cc cc cc cc cc cc cc 4c 8b c2 48 8b d1
0x00007ffc8c55c4f6:   45 8b 48 08 45 85 c9 7e 0e 41 f6 c1 01 75 56 41
0x00007ffc8c55c506:   c1 f9 03 49 63 c1 c3 79 4c 80 3d 04 e1 c1 00 00
0x00007ffc8c55c516:   b8 0c 00 00 00 b9 10 00 00 00 0f 45 c8 8b 05 ff
0x00007ffc8c55c526:   db c1 00 ff c8 4c 63 c0 41 8b c1 48 c1 f8 10 48
0x00007ffc8c55c536:   63 14 11 41 8b c9 83 e1 3f 0f b6 c0 48 d3 e2 49
0x00007ffc8c55c546:   8d 0c 10 49 f7 d0 48 03 c1 49 c1 e8 03 48 c1 e8
0x00007ffc8c55c556:   03 49 23 c0 c3 49 8b 00 49 8b c8 48 ff a0 00 01
0x00007ffc8c55c566:   00 00 cc cc cc cc cc cc cc cc 48 8b 41 08 0f b7
0x00007ffc8c55c576:   48 2c 0f b7 40 2a 83 c0 48 03 c1 c3 cc cc cc cc
0x00007ffc8c55c586:   cc cc cc cc cc cc cc cc cc cc 48 89 5c 24 08 57
0x00007ffc8c55c596:   48 83 ec 20 0f b6 05 1f de cc 00 48 8b fa 48 8b
0x00007ffc8c55c5a6:   d9 84 c0 74 4f 48 85 15 b6 d5 cc 00 74 38 48 8b
0x00007ffc8c55c5b6:   ca e8 94 d4 8c 00 48 8b d0 48 85 db 74 25 48 85
0x00007ffc8c55c5c6:   c0 74 20 48 8b c7 f0 48 0f b1 13 74 16 48 85 05
0x00007ffc8c55c5d6:   8e d5 cc 00 74 0d 48 8b c8 f0 48 0f b1 13 48 3b
0x00007ffc8c55c5e6:   c1 75 ea 48 8b fa 48 8b c7 48 8b 5c 24 30 48 83 


Stack slot to memory mapping:

stack at sp + 0 slots: 0x00007ffc8c8a7ddb jvm.dll
stack at sp + 1 slots: 0x0 is null
stack at sp + 2 slots: 0x0000000000000004 is an unknown value
stack at sp + 3 slots: 0x0000025d486bbf20 points into unknown readable memory: 0x00007ffc8cf7bc18 | 18 bc f7 8c fc 7f 00 00
stack at sp + 4 slots: 0x0 is null
stack at sp + 5 slots: 0x0000025d486bc0a8 points into unknown readable memory: 0x00007ffc8cf7bbd0 | d0 bb f7 8c fc 7f 00 00
stack at sp + 6 slots: 0x00007ffc8c876595 jvm.dll
stack at sp + 7 slots: 0x0000025d4a9726a8 points into unknown readable memory: 0x00007ffc8cf7d920 | 20 d9 f7 8c fc 7f 00 00


---------------  P R O C E S S  ---------------

Threads class SMR info:
_java_thread_list=0x0000025d4ae8a310, length=29, elements={
0x0000025d021cf740, 0x0000025d021d68b0, 0x0000025d021dc620, 0x0000025d021dd2f0,
0x0000025d021e68c0, 0x0000025d021e8e90, 0x0000025d021ed950, 0x0000025d0228dfb0,
0x0000025d02363df0, 0x0000025d0236e220, 0x0000025d023708b0, 0x0000025d481675f0,
0x0000025d4834a030, 0x0000025d483ac580, 0x0000025d483b8ed0, 0x0000025d485defc0,
0x0000025d485176b0, 0x0000025d48768d60, 0x0000025d4a5c3820, 0x0000025d4a5c6ca0,
0x0000025d4abd37e0, 0x0000025d4abd2ac0, 0x0000025d4abd1da0, 0x0000025d4abd4500,
0x0000025d4abd4b90, 0x0000025d4abd58b0, 0x0000025d4abd3e70, 0x0000025d4abd3150,
0x0000025d4abd2430
}

Java Threads: ( => current thread )
  0x0000025d021cf740 JavaThread "Reference Handler"          daemon [_thread_blocked, id=17036, stack(0x000000c63ef00000,0x000000c63f000000) (1024K)]
  0x0000025d021d68b0 JavaThread "Finalizer"                  daemon [_thread_blocked, id=27712, stack(0x000000c63f000000,0x000000c63f100000) (1024K)]
  0x0000025d021dc620 JavaThread "Signal Dispatcher"          daemon [_thread_blocked, id=21356, stack(0x000000c63f100000,0x000000c63f200000) (1024K)]
  0x0000025d021dd2f0 JavaThread "Attach Listener"            daemon [_thread_blocked, id=30332, stack(0x000000c63f200000,0x000000c63f300000) (1024K)]
  0x0000025d021e68c0 JavaThread "Service Thread"             daemon [_thread_blocked, id=18156, stack(0x000000c63f300000,0x000000c63f400000) (1024K)]
  0x0000025d021e8e90 JavaThread "Monitor Deflation Thread"   daemon [_thread_blocked, id=19644, stack(0x000000c63f400000,0x000000c63f500000) (1024K)]
  0x0000025d021ed950 JavaThread "C1 CompilerThread0"         daemon [_thread_blocked, id=12236, stack(0x000000c63f500000,0x000000c63f600000) (1024K)]
  0x0000025d0228dfb0 JavaThread "Common-Cleaner"             daemon [_thread_blocked, id=29876, stack(0x000000c63f600000,0x000000c63f700000) (1024K)]
  0x0000025d02363df0 JavaThread "JDWP Transport Listener: dt_socket" daemon [_thread_blocked, id=18424, stack(0x000000c63f800000,0x000000c63f900000) (1024K)]
  0x0000025d0236e220 JavaThread "JDWP Event Helper Thread"   daemon [_thread_blocked, id=12156, stack(0x000000c63f900000,0x000000c63fa00000) (1024K)]
  0x0000025d023708b0 JavaThread "JDWP Command Reader"        daemon [_thread_in_native, id=27980, stack(0x000000c63fa00000,0x000000c63fb00000) (1024K)]
  0x0000025d481675f0 JavaThread "Notification Thread"        daemon [_thread_blocked, id=29176, stack(0x000000c63fb00000,0x000000c63fc00000) (1024K)]
  0x0000025d4834a030 JavaThread "RMI TCP Accept-0"           daemon [_thread_in_native, id=25208, stack(0x000000c640400000,0x000000c640500000) (1024K)]
  0x0000025d483ac580 JavaThread "RMI TCP Accept-58493"       daemon [_thread_in_native, id=13440, stack(0x000000c640500000,0x000000c640600000) (1024K)]
  0x0000025d483b8ed0 JavaThread "RMI TCP Accept-0"           daemon [_thread_in_native, id=20072, stack(0x000000c640600000,0x000000c640700000) (1024K)]
  0x0000025d485defc0 JavaThread "RMI Scheduler(0)"           daemon [_thread_blocked, id=15452, stack(0x000000c640800000,0x000000c640900000) (1024K)]
  0x0000025d485176b0 JavaThread "JMX server connection timeout 38" daemon [_thread_blocked, id=29712, stack(0x000000c640a00000,0x000000c640b00000) (1024K)]
  0x0000025d48768d60 JavaThread "mysql-cj-abandoned-connection-cleanup" daemon [_thread_blocked, id=4168, stack(0x000000c641200000,0x000000c641300000) (1024K)]
  0x0000025d4a5c3820 JavaThread "Live Reload Server"         daemon [_thread_in_native, id=22092, stack(0x000000c641600000,0x000000c641700000) (1024K)]
  0x0000025d4a5c6ca0 JavaThread "DestroyJavaVM"                     [_thread_blocked, id=5460, stack(0x000000c63e700000,0x000000c63e800000) (1024K)]
  0x0000025d4abd37e0 JavaThread "RMI TCP Connection(idle)"   daemon [_thread_blocked, id=15408, stack(0x000000c63e500000,0x000000c63e600000) (1024K)]
  0x0000025d4abd2ac0 JavaThread "Thread-51"                         [_thread_blocked, id=19116, stack(0x000000c63e400000,0x000000c63e500000) (1024K)]
  0x0000025d4abd1da0 JavaThread "File Watcher"               daemon [_thread_blocked, id=16204, stack(0x000000c63e600000,0x000000c63e700000) (1024K)]
  0x0000025d4abd4500 JavaThread "File Watcher"               daemon [_thread_blocked, id=14028, stack(0x000000c63f700000,0x000000c63f800000) (1024K)]
  0x0000025d4abd4b90 JavaThread "restartedMain"                     [_thread_blocked, id=25852, stack(0x000000c63fc00000,0x000000c63fd00000) (1024K)]
  0x0000025d4abd58b0 JavaThread "Catalina-utility-1"                [_thread_blocked, id=3840, stack(0x000000c640700000,0x000000c640800000) (1024K)]
  0x0000025d4abd3e70 JavaThread "Catalina-utility-2"                [_thread_blocked, id=8608, stack(0x000000c640900000,0x000000c640a00000) (1024K)]
  0x0000025d4abd3150 JavaThread "container-2"                       [_thread_blocked, id=30240, stack(0x000000c640b00000,0x000000c640c00000) (1024K)]
  0x0000025d4abd2430 JavaThread "HikariPool-16 housekeeper"  daemon [_thread_blocked, id=7892, stack(0x000000c640c00000,0x000000c640d00000) (1024K)]
Total: 29

Other Threads:
  0x0000025d021b60d0 VMThread "VM Thread"                           [id=17516, stack(0x000000c63ee00000,0x000000c63ef00000) (1024K)]
  0x0000025d021a0780 WatcherThread "VM Periodic Task Thread"        [id=8456, stack(0x000000c63ed00000,0x000000c63ee00000) (1024K)]
  0x0000025d73f313e0 WorkerThread "GC Thread#0"                     [id=29656, stack(0x000000c63e800000,0x000000c63e900000) (1024K)]
  0x0000025d48342970 WorkerThread "GC Thread#1"                     [id=14820, stack(0x000000c63fd00000,0x000000c63fe00000) (1024K)]
  0x0000025d48342d10 WorkerThread "GC Thread#2"                     [id=22968, stack(0x000000c63fe00000,0x000000c63ff00000) (1024K)]
=>0x0000025d483430b0 WorkerThread "GC Thread#3"                     [id=8776, stack(0x000000c63ff00000,0x000000c640000000) (1024K)]
  0x0000025d48343450 WorkerThread "GC Thread#4"                     [id=924, stack(0x000000c640000000,0x000000c640100000) (1024K)]
  0x0000025d4834f7d0 WorkerThread "GC Thread#5"                     [id=21660, stack(0x000000c640100000,0x000000c640200000) (1024K)]
  0x0000025d4834fb70 WorkerThread "GC Thread#6"                     [id=18812, stack(0x000000c640200000,0x000000c640300000) (1024K)]
  0x0000025d48362c20 WorkerThread "GC Thread#7"                     [id=29592, stack(0x000000c640300000,0x000000c640400000) (1024K)]
  0x0000025d73f453e0 ConcurrentGCThread "G1 Main Marker"            [id=17092, stack(0x000000c63e900000,0x000000c63ea00000) (1024K)]
  0x0000025d73f45cf0 WorkerThread "G1 Conc#0"                       [id=9624, stack(0x000000c63ea00000,0x000000c63eb00000) (1024K)]
  0x0000025d489a25a0 WorkerThread "G1 Conc#1"                       [id=16280, stack(0x000000c640f00000,0x000000c641000000) (1024K)]
  0x0000025d02075dc0 ConcurrentGCThread "G1 Refine#0"               [id=14924, stack(0x000000c63eb00000,0x000000c63ec00000) (1024K)]
  0x0000025d020765e0 ConcurrentGCThread "G1 Service"                [id=7504, stack(0x000000c63ec00000,0x000000c63ed00000) (1024K)]
Total: 15

Threads with active compile tasks:
Total: 0

VM state: at safepoint (normal execution)

VM Mutex/Monitor currently owned by a thread:  ([mutex/lock_event])
[0x00007ffc8d1fe380] Threads_lock - owner thread: 0x0000025d021b60d0
[0x00007ffc8d1fe480] Heap_lock - owner thread: 0x0000025d4abd1da0

Heap address: 0x000000070c200000, size: 3902 MB, Compressed Oops mode: Zero based, Oop shift amount: 3

CDS archive(s) mapped at: [0x0000025d03000000-0x0000025d03c80000-0x0000025d03c80000), size 13107200, SharedBaseAddress: 0x0000025d03000000, ArchiveRelocationMode: 1.
Compressed class space mapped at: 0x0000025d04000000-0x0000025d44000000, reserved size: 1073741824
Narrow klass base: 0x0000025d03000000, Narrow klass shift: 0, Narrow klass range: 0x100000000

GC Precious Log:
 CardTable entry size: 512
 Card Set container configuration: InlinePtr #cards 4 size 8 Array Of Cards #cards 16 size 48 Howl #buckets 8 coarsen threshold 3686 Howl Bitmap #cards 512 size 80 coarsen threshold 460 Card regions per heap region 1 cards per card region 4096
 CPUs: 8 total, 8 available
 Memory: 15604M
 Large Page Support: Disabled
 NUMA Support: Disabled
 Compressed Oops: Enabled (Zero based)
 Heap Region Size: 2M
 Heap Min Capacity: 8M
 Heap Initial Capacity: 244M
 Heap Max Capacity: 3902M
 Pre-touch: Disabled
 Parallel Workers: 8
 Concurrent Workers: 2
 Concurrent Refinement Workers: 8
 Periodic GC: Disabled

Heap:
 garbage-first heap   total 96256K, used 80952K [0x000000070c200000, 0x0000000800000000)
  region size 2048K, 27 young (55296K), 3 survivors (6144K)
 Metaspace       used 65915K, committed 66560K, reserved 1114112K
  class space    used 8980K, committed 9280K, reserved 1048576K

Heap Regions: E=young(eden), S=young(survivor), O=old, HS=humongous(starts), HC=humongous(continues), CS=collection set, F=free, TAMS=top-at-mark-start, PB=parsable bottom
|   0|0x000000070c200000, 0x000000070c400000, 0x000000070c400000|100%| O|  |TAMS 0x000000070c200000| PB 0x000000070c200000| Untracked 
|   1|0x000000070c400000, 0x000000070c5ffff0, 0x000000070c600000| 99%| O|  |TAMS 0x000000070c400000| PB 0x000000070c400000| Untracked 
|   2|0x000000070c600000, 0x000000070c7fffb0, 0x000000070c800000| 99%| O|  |TAMS 0x000000070c600000| PB 0x000000070c600000| Untracked 
|   3|0x000000070c800000, 0x000000070c9fffd8, 0x000000070ca00000| 99%| O|  |TAMS 0x000000070c800000| PB 0x000000070c800000| Untracked 
|   4|0x000000070ca00000, 0x000000070cbffff0, 0x000000070cc00000| 99%| O|  |TAMS 0x000000070ca00000| PB 0x000000070ca00000| Untracked 
|   5|0x000000070cc00000, 0x000000070cdffff0, 0x000000070ce00000| 99%| O|  |TAMS 0x000000070cc00000| PB 0x000000070cc00000| Untracked 
|   6|0x000000070ce00000, 0x000000070cfff7e0, 0x000000070d000000| 99%| O|  |TAMS 0x000000070ce00000| PB 0x000000070ce00000| Untracked 
|   7|0x000000070d000000, 0x000000070d200000, 0x000000070d200000|100%| O|  |TAMS 0x000000070d000000| PB 0x000000070d000000| Untracked 
|   8|0x000000070d200000, 0x000000070d3ffff8, 0x000000070d400000| 99%| O|  |TAMS 0x000000070d200000| PB 0x000000070d200000| Untracked 
|   9|0x000000070d400000, 0x000000070d5ffff8, 0x000000070d600000| 99%| O|  |TAMS 0x000000070d400000| PB 0x000000070d400000| Untracked 
|  10|0x000000070d600000, 0x000000070d783ef0, 0x000000070d800000| 75%| O|  |TAMS 0x000000070d600000| PB 0x000000070d600000| Untracked 
|  11|0x000000070d800000, 0x000000070d993038, 0x000000070da00000| 78%| O|  |TAMS 0x000000070d800000| PB 0x000000070d800000| Untracked 
|  12|0x000000070da00000, 0x000000070da88c40, 0x000000070dc00000| 26%| O|  |TAMS 0x000000070da00000| PB 0x000000070da00000| Untracked 
|  13|0x000000070dc00000, 0x000000070dc51368, 0x000000070de00000| 15%| O|  |TAMS 0x000000070dc00000| PB 0x000000070dc00000| Untracked 
|  14|0x000000070de00000, 0x000000070e000000, 0x000000070e000000|100%| O|  |TAMS 0x000000070de00000| PB 0x000000070de00000| Untracked 
|  15|0x000000070e000000, 0x000000070e11dc30, 0x000000070e200000| 55%| O|  |TAMS 0x000000070e000000| PB 0x000000070e000000| Untracked 
|  16|0x000000070e200000, 0x000000070e200000, 0x000000070e400000|  0%| F|  |TAMS 0x000000070e200000| PB 0x000000070e200000| Untracked 
|  17|0x000000070e400000, 0x000000070e400000, 0x000000070e600000|  0%| F|  |TAMS 0x000000070e400000| PB 0x000000070e400000| Untracked 
|  18|0x000000070e600000, 0x000000070e65d5c0, 0x000000070e800000| 18%| S|  |TAMS 0x000000070e600000| PB 0x000000070e600000| Complete 
|  19|0x000000070e800000, 0x000000070ea00000, 0x000000070ea00000|100%| S|  |TAMS 0x000000070e800000| PB 0x000000070e800000| Complete 
|  20|0x000000070ea00000, 0x000000070ec00000, 0x000000070ec00000|100%| S|  |TAMS 0x000000070ea00000| PB 0x000000070ea00000| Complete 
|  21|0x000000070ec00000, 0x000000070ee00000, 0x000000070ee00000|100%| E|CS|TAMS 0x000000070ec00000| PB 0x000000070ec00000| Complete 
|  22|0x000000070ee00000, 0x000000070f000000, 0x000000070f000000|100%| E|CS|TAMS 0x000000070ee00000| PB 0x000000070ee00000| Complete 
|  23|0x000000070f000000, 0x000000070f200000, 0x000000070f200000|100%| E|CS|TAMS 0x000000070f000000| PB 0x000000070f000000| Complete 
|  24|0x000000070f200000, 0x000000070f400000, 0x000000070f400000|100%| E|CS|TAMS 0x000000070f200000| PB 0x000000070f200000| Complete 
|  25|0x000000070f400000, 0x000000070f600000, 0x000000070f600000|100%| E|CS|TAMS 0x000000070f400000| PB 0x000000070f400000| Complete 
|  26|0x000000070f600000, 0x000000070f800000, 0x000000070f800000|100%| E|CS|TAMS 0x000000070f600000| PB 0x000000070f600000| Complete 
|  27|0x000000070f800000, 0x000000070fa00000, 0x000000070fa00000|100%| E|CS|TAMS 0x000000070f800000| PB 0x000000070f800000| Complete 
|  28|0x000000070fa00000, 0x000000070fc00000, 0x000000070fc00000|100%| E|CS|TAMS 0x000000070fa00000| PB 0x000000070fa00000| Complete 
|  29|0x000000070fc00000, 0x000000070fe00000, 0x000000070fe00000|100%| E|CS|TAMS 0x000000070fc00000| PB 0x000000070fc00000| Complete 
|  30|0x000000070fe00000, 0x0000000710000000, 0x0000000710000000|100%| E|CS|TAMS 0x000000070fe00000| PB 0x000000070fe00000| Complete 
|  31|0x0000000710000000, 0x0000000710200000, 0x0000000710200000|100%| E|CS|TAMS 0x0000000710000000| PB 0x0000000710000000| Complete 
|  32|0x0000000710200000, 0x0000000710400000, 0x0000000710400000|100%| E|CS|TAMS 0x0000000710200000| PB 0x0000000710200000| Complete 
|  33|0x0000000710400000, 0x0000000710600000, 0x0000000710600000|100%| E|CS|TAMS 0x0000000710400000| PB 0x0000000710400000| Complete 
|  34|0x0000000710600000, 0x0000000710800000, 0x0000000710800000|100%| E|CS|TAMS 0x0000000710600000| PB 0x0000000710600000| Complete 
|  35|0x0000000710800000, 0x0000000710a00000, 0x0000000710a00000|100%| E|CS|TAMS 0x0000000710800000| PB 0x0000000710800000| Complete 
|  36|0x0000000710a00000, 0x0000000710c00000, 0x0000000710c00000|100%| E|CS|TAMS 0x0000000710a00000| PB 0x0000000710a00000| Complete 
|  37|0x0000000710c00000, 0x0000000710e00000, 0x0000000710e00000|100%| E|CS|TAMS 0x0000000710c00000| PB 0x0000000710c00000| Complete 
|  38|0x0000000710e00000, 0x0000000711000000, 0x0000000711000000|100%| E|CS|TAMS 0x0000000710e00000| PB 0x0000000710e00000| Complete 
|  39|0x0000000711000000, 0x0000000711200000, 0x0000000711200000|100%| E|CS|TAMS 0x0000000711000000| PB 0x0000000711000000| Complete 
|  40|0x0000000711200000, 0x0000000711400000, 0x0000000711400000|100%| E|CS|TAMS 0x0000000711200000| PB 0x0000000711200000| Complete 
|  41|0x0000000711400000, 0x0000000711600000, 0x0000000711600000|100%| E|CS|TAMS 0x0000000711400000| PB 0x0000000711400000| Complete 
|  42|0x0000000711600000, 0x0000000711800000, 0x0000000711800000|100%| E|CS|TAMS 0x0000000711600000| PB 0x0000000711600000| Complete 
|  43|0x0000000711800000, 0x0000000711a00000, 0x0000000711a00000|100%| E|CS|TAMS 0x0000000711800000| PB 0x0000000711800000| Complete 
|  44|0x0000000711a00000, 0x0000000711c00000, 0x0000000711c00000|100%| E|CS|TAMS 0x0000000711a00000| PB 0x0000000711a00000| Complete 
|  45|0x0000000711c00000, 0x0000000711e00000, 0x0000000711e00000|100%| E|CS|TAMS 0x0000000711c00000| PB 0x0000000711c00000| Complete 
|  46|0x0000000711e00000, 0x0000000712000000, 0x0000000712000000|100%| E|CS|TAMS 0x0000000711e00000| PB 0x0000000711e00000| Complete 

Card table byte_map: [0x0000025d7b0f0000,0x0000025d7b890000] _byte_map_base: 0x0000025d7788f000

Marking Bits: (CMBitMap*) 0x0000025d73f34110
 Bits: [0x0000025d7b890000, 0x0000025d7f588000)

Polling page: 0x0000025d71cd0000

Metaspace:

Usage:
  Non-class:     55.60 MB used.
      Class:      8.77 MB used.
       Both:     64.37 MB used.

Virtual space:
  Non-class space:       64.00 MB reserved,      55.94 MB ( 87%) committed,  1 nodes.
      Class space:        1.00 GB reserved,       9.06 MB ( <1%) committed,  1 nodes.
             Both:        1.06 GB reserved,      65.00 MB (  6%) committed. 

Chunk freelists:
   Non-Class:  7.82 MB
       Class:  6.79 MB
        Both:  14.61 MB

MaxMetaspaceSize: unlimited
CompressedClassSpaceSize: 1.00 GB
Initial GC threshold: 21.00 MB
Current GC threshold: 100.00 MB
CDS: on
 - commit_granule_bytes: 65536.
 - commit_granule_words: 8192.
 - virtual_space_node_default_size: 8388608.
 - enlarge_chunks_in_place: 1.
 - use_allocation_guard: 0.


Internal statistics:

num_allocs_failed_limit: 6.
num_arena_births: 1532.
num_arena_deaths: 698.
num_vsnodes_births: 2.
num_vsnodes_deaths: 0.
num_space_committed: 1040.
num_space_uncommitted: 0.
num_chunks_returned_to_freelist: 953.
num_chunks_taken_from_freelist: 4202.
num_chunk_merges: 171.
num_chunk_splits: 2539.
num_chunks_enlarged: 1862.
num_inconsistent_stats: 0.

CodeCache: size=49152Kb used=15949Kb max_used=17000Kb free=33203Kb
 bounds [0x0000025d77840000, 0x0000025d78900000, 0x0000025d7a840000]
 total_blobs=8238 nmethods=7536 adapters=624
 compilation: enabled
              stopped_count=0, restarted_count=0
 full_count=0

Compilation events (20 events):
Event: 1605.586 Thread 0x0000025d021ed950 10773       1       java.nio.charset.Charset::lookup2 (78 bytes)
Event: 1605.587 Thread 0x0000025d021ed950 nmethod 10773 0x0000025d7887fc10 code [0x0000025d7887fe40, 0x0000025d78880648]
Event: 1610.807 Thread 0x0000025d021ed950 10774       1       java.security.spec.ECPoint::<init> (33 bytes)
Event: 1610.808 Thread 0x0000025d021ed950 nmethod 10774 0x0000025d7887f710 code [0x0000025d7887f8c0, 0x0000025d7887fb18]
Event: 1615.980 Thread 0x0000025d021ed950 10775       1       sun.security.ssl.SupportedGroupsExtension$CHSupportedGroupsProducer::produce (404 bytes)
Event: 1615.982 Thread 0x0000025d021ed950 nmethod 10775 0x0000025d7887d990 code [0x0000025d7887dce0, 0x0000025d7887ebf0]
Event: 1615.982 Thread 0x0000025d021ed950 10776       1       sun.security.util.math.intpoly.IntegerPolynomial::encodeSmall (231 bytes)
Event: 1615.983 Thread 0x0000025d021ed950 nmethod 10776 0x0000025d7887d090 code [0x0000025d7887d260, 0x0000025d7887d678]
Event: 1616.035 Thread 0x0000025d021ed950 10777   !   1       sun.security.rsa.MGF1::generateAndXor (155 bytes)
Event: 1616.037 Thread 0x0000025d021ed950 nmethod 10777 0x0000025d7887c090 code [0x0000025d7887c2e0, 0x0000025d7887ca18]
Event: 1616.037 Thread 0x0000025d021ed950 10778   !   1       com.mysql.cj.protocol.Security::scramble411 (97 bytes)
Event: 1616.037 Thread 0x0000025d021ed950 nmethod 10778 0x0000025d7887b390 code [0x0000025d7887b5e0, 0x0000025d7887bb18]
Event: 1620.965 Thread 0x0000025d021ed950 10779       1       sun.security.ssl.HandshakeContext::getActiveCipherSuites (208 bytes)
Event: 1620.966 Thread 0x0000025d021ed950 nmethod 10779 0x0000025d7887a390 code [0x0000025d7887a620, 0x0000025d7887ae30]
Event: 1625.954 Thread 0x0000025d021ed950 10780       1       java.security.KeyPairGeneratorSpi::<init> (5 bytes)
Event: 1625.954 Thread 0x0000025d021ed950 nmethod 10780 0x0000025d7887a090 code [0x0000025d7887a220, 0x0000025d7887a2e8]
Event: 1626.001 Thread 0x0000025d021ed950 10781       1       java.security.SignatureSpi::<init> (10 bytes)
Event: 1626.001 Thread 0x0000025d021ed950 nmethod 10781 0x0000025d78879d90 code [0x0000025d78879f20, 0x0000025d7887a010]
Event: 1981.874 Thread 0x0000025d021ed950 10782       1       java.lang.invoke.LambdaForm$DMH/0x0000025d04102c00::invokeInterface (28 bytes)
Event: 1981.874 Thread 0x0000025d021ed950 nmethod 10782 0x0000025d78879890 code [0x0000025d78879a60, 0x0000025d78879c18]

GC Heap History (20 events):
Event: 918.081 GC heap after
{Heap after GC invocations=40 (full 10):
 garbage-first heap   total 96256K, used 24333K [0x000000070c200000, 0x0000000800000000)
  region size 2048K, 0 young (0K), 0 survivors (0K)
 Metaspace       used 60521K, committed 61504K, reserved 1114112K
  class space    used 8127K, committed 8512K, reserved 1048576K
}
Event: 924.217 GC heap before
{Heap before GC invocations=40 (full 10):
 garbage-first heap   total 96256K, used 77581K [0x000000070c200000, 0x0000000800000000)
  region size 2048K, 27 young (55296K), 0 survivors (0K)
 Metaspace       used 60641K, committed 61504K, reserved 1114112K
  class space    used 8138K, committed 8512K, reserved 1048576K
}
Event: 924.222 GC heap after
{Heap after GC invocations=41 (full 10):
 garbage-first heap   total 96256K, used 28867K [0x000000070c200000, 0x0000000800000000)
  region size 2048K, 3 young (6144K), 3 survivors (6144K)
 Metaspace       used 60641K, committed 61504K, reserved 1114112K
  class space    used 8138K, committed 8512K, reserved 1048576K
}
Event: 956.116 GC heap before
{Heap before GC invocations=41 (full 10):
 garbage-first heap   total 96256K, used 39107K [0x000000070c200000, 0x0000000800000000)
  region size 2048K, 10 young (20480K), 3 survivors (6144K)
 Metaspace       used 60654K, committed 61504K, reserved 1114112K
  class space    used 8140K, committed 8512K, reserved 1048576K
}
Event: 956.193 GC heap after
{Heap after GC invocations=42 (full 11):
 garbage-first heap   total 96256K, used 25143K [0x000000070c200000, 0x0000000800000000)
  region size 2048K, 0 young (0K), 0 survivors (0K)
 Metaspace       used 60651K, committed 61504K, reserved 1114112K
  class space    used 8139K, committed 8512K, reserved 1048576K
}
Event: 962.866 GC heap before
{Heap before GC invocations=42 (full 11):
 garbage-first heap   total 96256K, used 78391K [0x000000070c200000, 0x0000000800000000)
  region size 2048K, 26 young (53248K), 0 survivors (0K)
 Metaspace       used 60681K, committed 61504K, reserved 1114112K
  class space    used 8143K, committed 8512K, reserved 1048576K
}
Event: 962.871 GC heap after
{Heap after GC invocations=43 (full 11):
 garbage-first heap   total 96256K, used 29657K [0x000000070c200000, 0x0000000800000000)
  region size 2048K, 3 young (6144K), 3 survivors (6144K)
 Metaspace       used 60681K, committed 61504K, reserved 1114112K
  class space    used 8143K, committed 8512K, reserved 1048576K
}
Event: 1247.563 GC heap before
{Heap before GC invocations=43 (full 11):
 garbage-first heap   total 96256K, used 46041K [0x000000070c200000, 0x0000000800000000)
  region size 2048K, 12 young (24576K), 3 survivors (6144K)
 Metaspace       used 60759K, committed 61568K, reserved 1114112K
  class space    used 8147K, committed 8512K, reserved 1048576K
}
Event: 1247.617 GC heap after
{Heap after GC invocations=44 (full 12):
 garbage-first heap   total 96256K, used 24977K [0x000000070c200000, 0x0000000800000000)
  region size 2048K, 0 young (0K), 0 survivors (0K)
 Metaspace       used 60756K, committed 61568K, reserved 1114112K
  class space    used 8147K, committed 8512K, reserved 1048576K
}
Event: 1254.380 GC heap before
{Heap before GC invocations=44 (full 12):
 garbage-first heap   total 96256K, used 80273K [0x000000070c200000, 0x0000000800000000)
  region size 2048K, 27 young (55296K), 0 survivors (0K)
 Metaspace       used 60873K, committed 61568K, reserved 1114112K
  class space    used 8157K, committed 8512K, reserved 1048576K
}
Event: 1254.384 GC heap after
{Heap after GC invocations=45 (full 12):
 garbage-first heap   total 96256K, used 29475K [0x000000070c200000, 0x0000000800000000)
  region size 2048K, 3 young (6144K), 3 survivors (6144K)
 Metaspace       used 60873K, committed 61568K, reserved 1114112K
  class space    used 8157K, committed 8512K, reserved 1048576K
}
Event: 1485.467 GC heap before
{Heap before GC invocations=45 (full 12):
 garbage-first heap   total 96256K, used 43811K [0x000000070c200000, 0x0000000800000000)
  region size 2048K, 11 young (22528K), 3 survivors (6144K)
 Metaspace       used 60878K, committed 61568K, reserved 1114112K
  class space    used 8159K, committed 8512K, reserved 1048576K
}
Event: 1485.524 GC heap after
{Heap after GC invocations=46 (full 13):
 garbage-first heap   total 96256K, used 24513K [0x000000070c200000, 0x0000000800000000)
  region size 2048K, 0 young (0K), 0 survivors (0K)
 Metaspace       used 60658K, committed 61568K, reserved 1114112K
  class space    used 8142K, committed 8512K, reserved 1048576K
}
Event: 1499.200 GC heap before
{Heap before GC invocations=46 (full 13):
 garbage-first heap   total 96256K, used 77761K [0x000000070c200000, 0x0000000800000000)
  region size 2048K, 27 young (55296K), 0 survivors (0K)
 Metaspace       used 61567K, committed 62208K, reserved 1114112K
  class space    used 8302K, committed 8576K, reserved 1048576K
}
Event: 1499.204 GC heap after
{Heap after GC invocations=47 (full 13):
 garbage-first heap   total 96256K, used 28058K [0x000000070c200000, 0x0000000800000000)
  region size 2048K, 2 young (4096K), 2 survivors (4096K)
 Metaspace       used 61567K, committed 62208K, reserved 1114112K
  class space    used 8302K, committed 8576K, reserved 1048576K
}
Event: 1583.474 GC heap before
{Heap before GC invocations=47 (full 13):
 garbage-first heap   total 96256K, used 79258K [0x000000070c200000, 0x0000000800000000)
  region size 2048K, 28 young (57344K), 2 survivors (4096K)
 Metaspace       used 61609K, committed 62272K, reserved 1114112K
  class space    used 8309K, committed 8576K, reserved 1048576K
}
Event: 1583.478 GC heap after
{Heap after GC invocations=48 (full 13):
 garbage-first heap   total 96256K, used 29463K [0x000000070c200000, 0x0000000800000000)
  region size 2048K, 3 young (6144K), 3 survivors (6144K)
 Metaspace       used 61609K, committed 62272K, reserved 1114112K
  class space    used 8309K, committed 8576K, reserved 1048576K
}
Event: 1589.829 GC heap before
{Heap before GC invocations=48 (full 13):
 garbage-first heap   total 96256K, used 76567K [0x000000070c200000, 0x0000000800000000)
  region size 2048K, 27 young (55296K), 3 survivors (6144K)
 Metaspace       used 63226K, committed 63872K, reserved 1114112K
  class space    used 8485K, committed 8768K, reserved 1048576K
}
Event: 1589.838 GC heap after
{Heap after GC invocations=49 (full 13):
 garbage-first heap   total 96256K, used 31800K [0x000000070c200000, 0x0000000800000000)
  region size 2048K, 2 young (4096K), 2 survivors (4096K)
 Metaspace       used 63226K, committed 63872K, reserved 1114112K
  class space    used 8485K, committed 8768K, reserved 1048576K
}
Event: 2148.191 GC heap before
{Heap before GC invocations=49 (full 13):
 garbage-first heap   total 96256K, used 80952K [0x000000070c200000, 0x0000000800000000)
  region size 2048K, 26 young (53248K), 2 survivors (4096K)
 Metaspace       used 65915K, committed 66560K, reserved 1114112K
  class space    used 8980K, committed 9280K, reserved 1048576K
}

Dll operation events (12 events):
Event: 0.026 Loaded shared library D:\New Applications\IDE\sts-4.30.0.RELEASE\plugins\org.eclipse.justj.openjdk.hotspot.jre.full.win32.x86_64_21.0.6.v20250130-0529\jre\bin\java.dll
Event: 0.072 Loaded shared library D:\New Applications\IDE\sts-4.30.0.RELEASE\plugins\org.eclipse.justj.openjdk.hotspot.jre.full.win32.x86_64_21.0.6.v20250130-0529\jre\bin\zip.dll
Event: 0.391 Loaded shared library D:\New Applications\IDE\sts-4.30.0.RELEASE\plugins\org.eclipse.justj.openjdk.hotspot.jre.full.win32.x86_64_21.0.6.v20250130-0529\jre\bin\instrument.dll
Event: 0.401 Loaded shared library D:\New Applications\IDE\sts-4.30.0.RELEASE\plugins\org.eclipse.justj.openjdk.hotspot.jre.full.win32.x86_64_21.0.6.v20250130-0529\jre\bin\net.dll
Event: 0.403 Loaded shared library D:\New Applications\IDE\sts-4.30.0.RELEASE\plugins\org.eclipse.justj.openjdk.hotspot.jre.full.win32.x86_64_21.0.6.v20250130-0529\jre\bin\nio.dll
Event: 0.408 Loaded shared library D:\New Applications\IDE\sts-4.30.0.RELEASE\plugins\org.eclipse.justj.openjdk.hotspot.jre.full.win32.x86_64_21.0.6.v20250130-0529\jre\bin\zip.dll
Event: 0.674 Loaded shared library D:\New Applications\IDE\sts-4.30.0.RELEASE\plugins\org.eclipse.justj.openjdk.hotspot.jre.full.win32.x86_64_21.0.6.v20250130-0529\jre\bin\jimage.dll
Event: 0.765 Loaded shared library D:\New Applications\IDE\sts-4.30.0.RELEASE\plugins\org.eclipse.justj.openjdk.hotspot.jre.full.win32.x86_64_21.0.6.v20250130-0529\jre\bin\management.dll
Event: 0.787 Loaded shared library D:\New Applications\IDE\sts-4.30.0.RELEASE\plugins\org.eclipse.justj.openjdk.hotspot.jre.full.win32.x86_64_21.0.6.v20250130-0529\jre\bin\management_ext.dll
Event: 1.184 Loaded shared library D:\New Applications\IDE\sts-4.30.0.RELEASE\plugins\org.eclipse.justj.openjdk.hotspot.jre.full.win32.x86_64_21.0.6.v20250130-0529\jre\bin\extnet.dll
Event: 1.225 Loaded shared library D:\New Applications\IDE\sts-4.30.0.RELEASE\plugins\org.eclipse.justj.openjdk.hotspot.jre.full.win32.x86_64_21.0.6.v20250130-0529\jre\bin\verify.dll
Event: 3.483 Loaded shared library D:\New Applications\IDE\sts-4.30.0.RELEASE\plugins\org.eclipse.justj.openjdk.hotspot.jre.full.win32.x86_64_21.0.6.v20250130-0529\jre\bin\sunmscapi.dll

Deoptimization events (20 events):
Event: 1590.321 Thread 0x0000025d4abd4b90 DEOPT PACKING pc=0x0000025d788ebdf4 sp=0x000000c63fcfc490
Event: 1590.321 Thread 0x0000025d4abd4b90 DEOPT UNPACKING pc=0x0000025d77894e42 sp=0x000000c63fcfb920 mode 1
Event: 1590.380 Thread 0x0000025d4abd4b90 DEOPT PACKING pc=0x0000025d77d0cd59 sp=0x000000c63fcfb800
Event: 1590.380 Thread 0x0000025d4abd4b90 DEOPT UNPACKING pc=0x0000025d77894e42 sp=0x000000c63fcfac58 mode 1
Event: 1590.380 Thread 0x0000025d4abd4b90 DEOPT PACKING pc=0x0000025d77ce6a2c sp=0x000000c63fcfb890
Event: 1590.380 Thread 0x0000025d4abd4b90 DEOPT UNPACKING pc=0x0000025d77894e42 sp=0x000000c63fcfad38 mode 1
Event: 1590.380 Thread 0x0000025d4abd4b90 DEOPT PACKING pc=0x0000025d77d6d014 sp=0x000000c63fcfc310
Event: 1590.380 Thread 0x0000025d4abd4b90 DEOPT UNPACKING pc=0x0000025d77894e42 sp=0x000000c63fcfb7d8 mode 1
Event: 1590.380 Thread 0x0000025d4abd4b90 DEOPT PACKING pc=0x0000025d788ebdf4 sp=0x000000c63fcfc3a0
Event: 1590.380 Thread 0x0000025d4abd4b90 DEOPT UNPACKING pc=0x0000025d77894e42 sp=0x000000c63fcfb830 mode 1
Event: 1590.381 Thread 0x0000025d4abd4b90 DEOPT PACKING pc=0x0000025d77d0cd59 sp=0x000000c63fcfb800
Event: 1590.381 Thread 0x0000025d4abd4b90 DEOPT UNPACKING pc=0x0000025d77894e42 sp=0x000000c63fcfac58 mode 1
Event: 1590.381 Thread 0x0000025d4abd4b90 DEOPT PACKING pc=0x0000025d77ce6a2c sp=0x000000c63fcfb890
Event: 1590.381 Thread 0x0000025d4abd4b90 DEOPT UNPACKING pc=0x0000025d77894e42 sp=0x000000c63fcfad38 mode 1
Event: 1590.381 Thread 0x0000025d4abd4b90 DEOPT PACKING pc=0x0000025d77d6d014 sp=0x000000c63fcfc310
Event: 1590.381 Thread 0x0000025d4abd4b90 DEOPT UNPACKING pc=0x0000025d77894e42 sp=0x000000c63fcfb7d8 mode 1
Event: 1590.381 Thread 0x0000025d4abd4b90 DEOPT PACKING pc=0x0000025d788ebdf4 sp=0x000000c63fcfc3a0
Event: 1590.381 Thread 0x0000025d4abd4b90 DEOPT UNPACKING pc=0x0000025d77894e42 sp=0x000000c63fcfb830 mode 1
Event: 1601.109 Thread 0x0000025d4abd4b90 DEOPT PACKING pc=0x0000025d77bdf234 sp=0x000000c63fcfcf50
Event: 1601.109 Thread 0x0000025d4abd4b90 DEOPT UNPACKING pc=0x0000025d77894e42 sp=0x000000c63fcfc408 mode 0

Classes loaded (20 events):
Event: 237.618 Loading class java/io/InvalidClassException
Event: 237.619 Loading class java/io/InvalidClassException done
Event: 243.766 Loading class java/time/DurationEditor
Event: 243.766 Loading class java/time/DurationEditor done
Event: 1497.759 Loading class jdk/internal/loader/BootLoader$PackageHelper
Event: 1497.759 Loading class jdk/internal/loader/BootLoader$PackageHelper done
Event: 1589.557 Loading class jdk/internal/ValueBased
Event: 1589.557 Loading class jdk/internal/ValueBased done
Event: 1589.638 Loading class java/util/stream/ReduceOps$1
Event: 1589.638 Loading class java/util/stream/ReduceOps$1 done
Event: 1589.639 Loading class java/util/stream/ReduceOps$1ReducingSink
Event: 1589.639 Loading class java/util/stream/ReduceOps$1ReducingSink done
Event: 1590.206 Loading class java/lang/reflect/AnnotatedArrayType
Event: 1590.206 Loading class java/lang/reflect/AnnotatedArrayType done
Event: 1590.265 Loading class java/lang/foreign/ValueLayout
Event: 1590.266 Loading class java/lang/foreign/MemoryLayout
Event: 1590.266 Loading class java/lang/foreign/MemoryLayout done
Event: 1590.266 Loading class java/lang/foreign/ValueLayout done
Event: 1590.280 Loading class jdk/internal/org/objectweb/asm/ClassReader
Event: 1590.281 Loading class jdk/internal/org/objectweb/asm/ClassReader done

Classes unloaded (20 events):
Event: 906.911 Thread 0x0000025d021b60d0 Unloading class 0x0000025d046fe000 'jdk/proxy11/$Proxy117'
Event: 906.911 Thread 0x0000025d021b60d0 Unloading class 0x0000025d043e5000 'jdk/proxy11/$Proxy116'
Event: 906.911 Thread 0x0000025d021b60d0 Unloading class 0x0000025d043b01f8 'com/medicssupport/support/patientController/PatientController'
Event: 906.911 Thread 0x0000025d021b60d0 Unloading class 0x0000025d043b0000 'com/medicssupport/support/SupportApplication'
Event: 918.044 Thread 0x0000025d021b60d0 Unloading class 0x0000025d0444b000 'org/apache/catalina/loader/JdbcLeakPrevention'
Event: 956.142 Thread 0x0000025d021b60d0 Unloading class 0x0000025d043e5000 'org/apache/catalina/loader/JdbcLeakPrevention'
Event: 1247.582 Thread 0x0000025d021b60d0 Unloading class 0x0000025d047c6000 'org/apache/catalina/loader/JdbcLeakPrevention'
Event: 1485.487 Thread 0x0000025d021b60d0 Unloading class 0x0000025d0479d000 'org/apache/catalina/loader/JdbcLeakPrevention'
Event: 1485.487 Thread 0x0000025d021b60d0 Unloading class 0x0000025d046f4000 'jdk/proxy15/$Proxy126'
Event: 1485.487 Thread 0x0000025d021b60d0 Unloading class 0x0000025d0445c800 'jdk/proxy15/$Proxy125'
Event: 1485.487 Thread 0x0000025d021b60d0 Unloading class 0x0000025d043e51f8 'com/medicssupport/support/patientController/PatientController'
Event: 1485.487 Thread 0x0000025d021b60d0 Unloading class 0x0000025d043e5000 'com/medicssupport/support/SupportApplication'
Event: 1485.487 Thread 0x0000025d021b60d0 Unloading class 0x0000025d04381800 'java/lang/invoke/LambdaForm$MH+0x0000025d04381800'
Event: 1485.487 Thread 0x0000025d021b60d0 Unloading class 0x0000025d04449000 'jdk/proxy14/$Proxy124'
Event: 1485.487 Thread 0x0000025d021b60d0 Unloading class 0x0000025d047c4800 'jdk/proxy14/$Proxy122'
Event: 1485.487 Thread 0x0000025d021b60d0 Unloading class 0x0000025d0444b1f8 'com/medicssupport/support/patientController/PatientController'
Event: 1485.487 Thread 0x0000025d021b60d0 Unloading class 0x0000025d0444b000 'com/medicssupport/support/SupportApplication'
Event: 1485.487 Thread 0x0000025d021b60d0 Unloading class 0x0000025d04760800 'java/lang/invoke/LambdaForm$MH+0x0000025d04760800'
Event: 1485.487 Thread 0x0000025d021b60d0 Unloading class 0x0000025d04760400 'java/lang/invoke/LambdaForm$MH+0x0000025d04760400'
Event: 1485.487 Thread 0x0000025d021b60d0 Unloading class 0x0000025d04380000 'java/lang/invoke/LambdaForm$MH+0x0000025d04380000'

Classes redefined (1 events):
Event: 1502.271 Thread 0x0000025d021b60d0 redefined class name=com.medicssupport.support.model.Patient, count=1

Internal exceptions (20 events):
Event: 1511.381 Thread 0x0000025d4abd4500 Exception <a 'java/lang/NoClassDefFoundError'{0x000000070f417a68}: jakarta/validation/ValidationException> (0x000000070f417a68) 
thrown [s\src\hotspot\share\classfile\systemDictionary.cpp, line 301]
Event: 1511.381 Thread 0x0000025d4abd4500 Exception <a 'java/lang/NoClassDefFoundError'{0x000000070f41a178}: liquibase/exception/ChangeLogParseException> (0x000000070f41a178) 
thrown [s\src\hotspot\share\classfile\systemDictionary.cpp, line 301]
Event: 1583.366 Thread 0x0000025d4abd4b90 Exception <a 'sun/nio/fs/WindowsException'{0x000000070f28bf78}> (0x000000070f28bf78) 
thrown [s\src\hotspot\share\prims\jni.cpp, line 520]
Event: 1583.704 Thread 0x0000025d4abd4b90 Exception <a 'java/lang/NoClassDefFoundError'{0x0000000710f575b0}: org/flywaydb/core/Flyway> (0x0000000710f575b0) 
thrown [s\src\hotspot\share\oops\constantPool.cpp, line 873]
Event: 1583.705 Thread 0x0000025d4abd4b90 Exception <a 'java/lang/NoClassDefFoundError'{0x0000000710f57c10}: liquibase/integration/spring/SpringLiquibase> (0x0000000710f57c10) 
thrown [s\src\hotspot\share\oops\constantPool.cpp, line 873]
Event: 1583.709 Thread 0x0000025d4abd4b90 Exception <a 'java/lang/NoClassDefFoundError'{0x0000000710f7d858}: org/jooq/DSLContext> (0x0000000710f7d858) 
thrown [s\src\hotspot\share\oops\constantPool.cpp, line 873]
Event: 1583.715 Thread 0x0000025d4abd4b90 Exception <a 'java/lang/NoClassDefFoundError'{0x0000000710fc3770}: org/springframework/batch/core/repository/JobRepository> (0x0000000710fc3770) 
thrown [s\src\hotspot\share\oops\constantPool.cpp, line 873]
Event: 1583.717 Thread 0x0000025d4abd4b90 Exception <a 'java/lang/NoClassDefFoundError'{0x0000000710fc3dc8}: org/quartz/Scheduler> (0x0000000710fc3dc8) 
thrown [s\src\hotspot\share\oops\constantPool.cpp, line 873]
Event: 1583.719 Thread 0x0000025d4abd4b90 Exception <a 'java/lang/NoClassDefFoundError'{0x0000000710fc4448}: org/springframework/session/jdbc/JdbcIndexedSessionRepository> (0x0000000710fc4448) 
thrown [s\src\hotspot\share\oops\constantPool.cpp, line 873]
Event: 1583.788 Thread 0x0000025d4abd4b90 Exception <a 'java/io/FileNotFoundException'{0x00000007106322b0}> (0x00000007106322b0) 
thrown [s\src\hotspot\share\prims\jni.cpp, line 520]
Event: 1589.220 Thread 0x0000025d4abd4b90 Exception <a 'java/net/UnknownHostException'{0x00000007100ccdc0}> (0x00000007100ccdc0) 
thrown [s\src\hotspot\share\prims\jni.cpp, line 539]
Event: 1594.798 Thread 0x0000025d4abd93c0 Exception <a 'java/net/UnknownHostException'{0x0000000710f47c48}> (0x0000000710f47c48) 
thrown [s\src\hotspot\share\prims\jni.cpp, line 539]
Event: 1600.216 Thread 0x0000025d4abd93c0 Exception <a 'java/net/UnknownHostException'{0x00000007100f27c0}> (0x00000007100f27c0) 
thrown [s\src\hotspot\share\prims\jni.cpp, line 539]
Event: 1605.318 Thread 0x0000025d4abd93c0 Exception <a 'java/net/UnknownHostException'{0x0000000710180eb0}> (0x0000000710180eb0) 
thrown [s\src\hotspot\share\prims\jni.cpp, line 539]
Event: 1610.632 Thread 0x0000025d4abd93c0 Exception <a 'java/net/UnknownHostException'{0x000000070fe349b8}> (0x000000070fe349b8) 
thrown [s\src\hotspot\share\prims\jni.cpp, line 539]
Event: 1615.594 Thread 0x0000025d4abd93c0 Exception <a 'java/net/UnknownHostException'{0x000000070feb61d0}> (0x000000070feb61d0) 
thrown [s\src\hotspot\share\prims\jni.cpp, line 539]
Event: 1620.799 Thread 0x0000025d4abd93c0 Exception <a 'java/net/UnknownHostException'{0x000000070ff33c38}> (0x000000070ff33c38) 
thrown [s\src\hotspot\share\prims\jni.cpp, line 539]
Event: 1625.784 Thread 0x0000025d4abd93c0 Exception <a 'java/net/UnknownHostException'{0x000000070ffc5128}> (0x000000070ffc5128) 
thrown [s\src\hotspot\share\prims\jni.cpp, line 539]
Event: 1630.749 Thread 0x0000025d4abd93c0 Exception <a 'java/net/UnknownHostException'{0x000000070fc470a8}> (0x000000070fc470a8) 
thrown [s\src\hotspot\share\prims\jni.cpp, line 539]
Event: 1635.768 Thread 0x0000025d4abd93c0 Exception <a 'java/net/UnknownHostException'{0x000000070fcc8950}> (0x000000070fcc8950) 
thrown [s\src\hotspot\share\prims\jni.cpp, line 539]

ZGC Phase Switch (0 events):
No events

VM Operations (20 events):
Event: 1624.892 Executing VM operation: HandshakeAllThreads (HandshakeForDeflation) done
Event: 1624.892 Executing VM operation: RendezvousGCThreads
Event: 1624.892 Executing VM operation: RendezvousGCThreads done
Event: 1684.999 Executing VM operation: HandshakeAllThreads (HandshakeForDeflation)
Event: 1684.999 Executing VM operation: HandshakeAllThreads (HandshakeForDeflation) done
Event: 1685.000 Executing VM operation: RendezvousGCThreads
Event: 1685.000 Executing VM operation: RendezvousGCThreads done
Event: 1865.319 Executing VM operation: HandshakeAllThreads (HandshakeForDeflation)
Event: 1865.319 Executing VM operation: HandshakeAllThreads (HandshakeForDeflation) done
Event: 1865.319 Executing VM operation: RendezvousGCThreads
Event: 1865.319 Executing VM operation: RendezvousGCThreads done
Event: 2045.774 Executing VM operation: HandshakeAllThreads (HandshakeForDeflation)
Event: 2045.775 Executing VM operation: HandshakeAllThreads (HandshakeForDeflation) done
Event: 2045.775 Executing VM operation: RendezvousGCThreads
Event: 2045.775 Executing VM operation: RendezvousGCThreads done
Event: 2105.986 Executing VM operation: HandshakeAllThreads (HandshakeForDeflation)
Event: 2105.986 Executing VM operation: HandshakeAllThreads (HandshakeForDeflation) done
Event: 2105.987 Executing VM operation: RendezvousGCThreads
Event: 2105.987 Executing VM operation: RendezvousGCThreads done
Event: 2148.191 Executing VM operation: G1CollectForAllocation (G1 Evacuation Pause)

Memory protections (0 events):
No events

Nmethod flushes (20 events):
Event: 1247.593 Thread 0x0000025d021b60d0 flushing  nmethod 0x0000025d78642190
Event: 1247.593 Thread 0x0000025d021b60d0 flushing  nmethod 0x0000025d78649910
Event: 1247.593 Thread 0x0000025d021b60d0 flushing  nmethod 0x0000025d7865cc90
Event: 1247.593 Thread 0x0000025d021b60d0 flushing  nmethod 0x0000025d7865d910
Event: 1247.593 Thread 0x0000025d021b60d0 flushing  nmethod 0x0000025d7865ea90
Event: 1247.593 Thread 0x0000025d021b60d0 flushing  nmethod 0x0000025d78661790
Event: 1247.593 Thread 0x0000025d021b60d0 flushing  nmethod 0x0000025d78670190
Event: 1247.593 Thread 0x0000025d021b60d0 flushing  nmethod 0x0000025d779e5110
Event: 1247.593 Thread 0x0000025d021b60d0 flushing  nmethod 0x0000025d77b02a90
Event: 1247.593 Thread 0x0000025d021b60d0 flushing  nmethod 0x0000025d77c11a90
Event: 1247.593 Thread 0x0000025d021b60d0 flushing  nmethod 0x0000025d77c13a10
Event: 1247.593 Thread 0x0000025d021b60d0 flushing  nmethod 0x0000025d77e80310
Event: 1247.593 Thread 0x0000025d021b60d0 flushing  nmethod 0x0000025d77ee4590
Event: 1247.593 Thread 0x0000025d021b60d0 flushing  nmethod 0x0000025d77ee7010
Event: 1247.593 Thread 0x0000025d021b60d0 flushing  nmethod 0x0000025d780c5610
Event: 1247.593 Thread 0x0000025d021b60d0 flushing  nmethod 0x0000025d780ffd10
Event: 1247.593 Thread 0x0000025d021b60d0 flushing  nmethod 0x0000025d7863eb90
Event: 1247.593 Thread 0x0000025d021b60d0 flushing  nmethod 0x0000025d7866d690
Event: 1247.593 Thread 0x0000025d021b60d0 flushing  nmethod 0x0000025d7866f090
Event: 1247.593 Thread 0x0000025d021b60d0 flushing  nmethod 0x0000025d7866fb90

Events (20 events):
Event: 1511.182 Thread 0x0000025d4abd2430 Thread exited: 0x0000025d4abd2430
Event: 1511.362 Thread 0x0000025d4abd5f40 Thread exited: 0x0000025d4abd5f40
Event: 1511.370 Thread 0x0000025d4abd58b0 Thread exited: 0x0000025d4abd58b0
Event: 1511.370 Thread 0x0000025d4abd4b90 Thread exited: 0x0000025d4abd4b90
Event: 1511.371 Thread 0x0000025d4abd3e70 Thread exited: 0x0000025d4abd3e70
Event: 1511.388 Thread 0x0000025d4abd4500 Thread exited: 0x0000025d4abd4500
Event: 1511.389 Thread 0x0000025d4abd2ac0 Thread added: 0x0000025d4abd4500
Event: 1583.357 Thread 0x0000025d4abd2ac0 Thread added: 0x0000025d4abd4b90
Event: 1583.403 Thread 0x0000025d4abd4b90 Thread added: 0x0000025d4abd3e70
Event: 1583.440 Thread 0x0000025d4abd3e70 Thread exited: 0x0000025d4abd3e70
Event: 1583.825 Thread 0x0000025d4abd4b90 Thread added: 0x0000025d4abd58b0
Event: 1583.825 Thread 0x0000025d4abd4b90 Thread added: 0x0000025d4abd3e70
Event: 1583.826 Thread 0x0000025d4abd4b90 Thread added: 0x0000025d4abd3150
Event: 1589.424 Thread 0x0000025d4abd4b90 Thread added: 0x0000025d4abd2430
Event: 1589.530 Thread 0x0000025d4abd2430 Thread added: 0x0000025d4abd93c0
Event: 1589.599 Thread 0x0000025d021ed950 Thread added: 0x0000025d4ad30410
Event: 1589.600 Thread 0x0000025d021ed950 Thread added: 0x0000025d4ad30ab0
Event: 1599.969 Thread 0x0000025d4ad30ab0 Thread exited: 0x0000025d4ad30ab0
Event: 1605.397 Thread 0x0000025d4ad30410 Thread exited: 0x0000025d4ad30410
Event: 1640.855 Thread 0x0000025d4abd93c0 Thread exited: 0x0000025d4abd93c0


Dynamic libraries:
0x00007ff6857b0000 - 0x00007ff6857be000 	D:\New Applications\IDE\sts-4.30.0.RELEASE\plugins\org.eclipse.justj.openjdk.hotspot.jre.full.win32.x86_64_21.0.6.v20250130-0529\jre\bin\javaw.exe
0x00007ffd2b880000 - 0x00007ffd2bae0000 	C:\WINDOWS\SYSTEM32\ntdll.dll
0x00007ffd2a770000 - 0x00007ffd2a837000 	C:\WINDOWS\System32\KERNEL32.DLL
0x00007ffd28e00000 - 0x00007ffd291ca000 	C:\WINDOWS\System32\KERNELBASE.dll
0x00007ffd25710000 - 0x00007ffd257ac000 	C:\WINDOWS\SYSTEM32\apphelp.dll
0x00007ffd293d0000 - 0x00007ffd2951b000 	C:\WINDOWS\System32\ucrtbase.dll
0x00007ffcf9880000 - 0x00007ffcf989e000 	D:\New Applications\IDE\sts-4.30.0.RELEASE\plugins\org.eclipse.justj.openjdk.hotspot.jre.full.win32.x86_64_21.0.6.v20250130-0529\jre\bin\VCRUNTIME140.dll
0x00007ffcfb010000 - 0x00007ffcfb028000 	D:\New Applications\IDE\sts-4.30.0.RELEASE\plugins\org.eclipse.justj.openjdk.hotspot.jre.full.win32.x86_64_21.0.6.v20250130-0529\jre\bin\jli.dll
0x00007ffd2b5a0000 - 0x00007ffd2b76c000 	C:\WINDOWS\System32\USER32.dll
0x00007ffd10090000 - 0x00007ffd10327000 	C:\WINDOWS\WinSxS\amd64_microsoft.windows.common-controls_6595b64144ccf1df_6.0.26100.3624_none_3e086962e3345f24\COMCTL32.dll
0x00007ffd293a0000 - 0x00007ffd293c7000 	C:\WINDOWS\System32\win32u.dll
0x00007ffd29710000 - 0x00007ffd297b9000 	C:\WINDOWS\System32\msvcrt.dll
0x00007ffd296e0000 - 0x00007ffd2970a000 	C:\WINDOWS\System32\GDI32.dll
0x00007ffd291d0000 - 0x00007ffd29301000 	C:\WINDOWS\System32\gdi32full.dll
0x00007ffd28a60000 - 0x00007ffd28b03000 	C:\WINDOWS\System32\msvcp_win.dll
0x00007ffd2a710000 - 0x00007ffd2a73f000 	C:\WINDOWS\System32\IMM32.DLL
0x00007ffd0e2c0000 - 0x00007ffd0e2cc000 	D:\New Applications\IDE\sts-4.30.0.RELEASE\plugins\org.eclipse.justj.openjdk.hotspot.jre.full.win32.x86_64_21.0.6.v20250130-0529\jre\bin\vcruntime140_1.dll
0x00007ffcf0250000 - 0x00007ffcf02dd000 	D:\New Applications\IDE\sts-4.30.0.RELEASE\plugins\org.eclipse.justj.openjdk.hotspot.jre.full.win32.x86_64_21.0.6.v20250130-0529\jre\bin\msvcp140.dll
0x00007ffc8c550000 - 0x00007ffc8d2e0000 	D:\New Applications\IDE\sts-4.30.0.RELEASE\plugins\org.eclipse.justj.openjdk.hotspot.jre.full.win32.x86_64_21.0.6.v20250130-0529\jre\bin\server\jvm.dll
0x00007ffd2ada0000 - 0x00007ffd2ae52000 	C:\WINDOWS\System32\ADVAPI32.dll
0x00007ffd2a0d0000 - 0x00007ffd2a176000 	C:\WINDOWS\System32\sechost.dll
0x00007ffd2aef0000 - 0x00007ffd2b006000 	C:\WINDOWS\System32\RPCRT4.dll
0x00007ffd2b490000 - 0x00007ffd2b504000 	C:\WINDOWS\System32\WS2_32.dll
0x00007ffd28800000 - 0x00007ffd2885e000 	C:\WINDOWS\SYSTEM32\POWRPROF.dll
0x00007ffd1df80000 - 0x00007ffd1dfb6000 	C:\WINDOWS\SYSTEM32\WINMM.dll
0x00007ffd1a470000 - 0x00007ffd1a47b000 	C:\WINDOWS\SYSTEM32\VERSION.dll
0x00007ffd287e0000 - 0x00007ffd287f4000 	C:\WINDOWS\SYSTEM32\UMPDC.dll
0x00007ffd27870000 - 0x00007ffd2788a000 	C:\WINDOWS\SYSTEM32\kernel.appcore.dll
0x00007ffd1d220000 - 0x00007ffd1d22a000 	D:\New Applications\IDE\sts-4.30.0.RELEASE\plugins\org.eclipse.justj.openjdk.hotspot.jre.full.win32.x86_64_21.0.6.v20250130-0529\jre\bin\jimage.dll
0x00007ffd26100000 - 0x00007ffd26341000 	C:\WINDOWS\SYSTEM32\DBGHELP.DLL
0x00007ffd2b100000 - 0x00007ffd2b482000 	C:\WINDOWS\System32\combase.dll
0x00007ffd297f0000 - 0x00007ffd298c6000 	C:\WINDOWS\System32\OLEAUT32.dll
0x00007ffd0e410000 - 0x00007ffd0e449000 	C:\WINDOWS\SYSTEM32\dbgcore.DLL
0x00007ffd295e0000 - 0x00007ffd29679000 	C:\WINDOWS\System32\bcryptPrimitives.dll
0x00007ffcee050000 - 0x00007ffcee08c000 	D:\New Applications\IDE\sts-4.30.0.RELEASE\plugins\org.eclipse.justj.openjdk.hotspot.jre.full.win32.x86_64_21.0.6.v20250130-0529\jre\bin\jdwp.dll
0x00007ffd0f3b0000 - 0x00007ffd0f3bf000 	D:\New Applications\IDE\sts-4.30.0.RELEASE\plugins\org.eclipse.justj.openjdk.hotspot.jre.full.win32.x86_64_21.0.6.v20250130-0529\jre\bin\instrument.dll
0x00007ffd0c9b0000 - 0x00007ffd0c9cf000 	D:\New Applications\IDE\sts-4.30.0.RELEASE\plugins\org.eclipse.justj.openjdk.hotspot.jre.full.win32.x86_64_21.0.6.v20250130-0529\jre\bin\java.dll
0x00007ffd299a0000 - 0x00007ffd2a0c9000 	C:\WINDOWS\System32\SHELL32.dll
0x00007ffd28c90000 - 0x00007ffd28df8000 	C:\WINDOWS\System32\wintypes.dll
0x00007ffd26700000 - 0x00007ffd26f52000 	C:\WINDOWS\SYSTEM32\windows.storage.dll
0x00007ffd2b010000 - 0x00007ffd2b0fd000 	C:\WINDOWS\System32\SHCORE.dll
0x00007ffd2ab40000 - 0x00007ffd2aba4000 	C:\WINDOWS\System32\shlwapi.dll
0x00007ffd28970000 - 0x00007ffd2899f000 	C:\WINDOWS\SYSTEM32\profapi.dll
0x00007ffcfcf70000 - 0x00007ffcfcf88000 	D:\New Applications\IDE\sts-4.30.0.RELEASE\plugins\org.eclipse.justj.openjdk.hotspot.jre.full.win32.x86_64_21.0.6.v20250130-0529\jre\bin\zip.dll
0x00007ffd0b9c0000 - 0x00007ffd0b9cb000 	D:\New Applications\IDE\sts-4.30.0.RELEASE\plugins\org.eclipse.justj.openjdk.hotspot.jre.full.win32.x86_64_21.0.6.v20250130-0529\jre\bin\dt_socket.dll
0x00007ffd27280000 - 0x00007ffd272b3000 	C:\WINDOWS\SYSTEM32\IPHLPAPI.DLL
0x00007ffd27d90000 - 0x00007ffd27dfa000 	C:\WINDOWS\system32\mswsock.dll
0x00007ffd27310000 - 0x00007ffd27435000 	C:\WINDOWS\SYSTEM32\DNSAPI.dll
0x00007ffd298d0000 - 0x00007ffd298da000 	C:\WINDOWS\System32\NSI.dll
0x00007ffd1daa0000 - 0x00007ffd1daab000 	C:\Windows\System32\rasadhlp.dll
0x00007ffd22950000 - 0x00007ffd229d5000 	C:\WINDOWS\System32\fwpuclnt.dll
0x00007ffd1c400000 - 0x00007ffd1c410000 	D:\New Applications\IDE\sts-4.30.0.RELEASE\plugins\org.eclipse.justj.openjdk.hotspot.jre.full.win32.x86_64_21.0.6.v20250130-0529\jre\bin\net.dll
0x00007ffd1d8b0000 - 0x00007ffd1d9cd000 	C:\WINDOWS\SYSTEM32\WINHTTP.dll
0x00007ffcfc5c0000 - 0x00007ffcfc5d6000 	D:\New Applications\IDE\sts-4.30.0.RELEASE\plugins\org.eclipse.justj.openjdk.hotspot.jre.full.win32.x86_64_21.0.6.v20250130-0529\jre\bin\nio.dll
0x00007ffd1d3c0000 - 0x00007ffd1d3ca000 	D:\New Applications\IDE\sts-4.30.0.RELEASE\plugins\org.eclipse.justj.openjdk.hotspot.jre.full.win32.x86_64_21.0.6.v20250130-0529\jre\bin\management.dll
0x00007ffd17660000 - 0x00007ffd1766b000 	D:\New Applications\IDE\sts-4.30.0.RELEASE\plugins\org.eclipse.justj.openjdk.hotspot.jre.full.win32.x86_64_21.0.6.v20250130-0529\jre\bin\management_ext.dll
0x00007ffd298e0000 - 0x00007ffd298e8000 	C:\WINDOWS\System32\PSAPI.DLL
0x00007ffd119d0000 - 0x00007ffd119e8000 	C:\WINDOWS\system32\napinsp.dll
0x00007ffd0e2d0000 - 0x00007ffd0e2e2000 	C:\WINDOWS\System32\winrnr.dll
0x00007ffd0e110000 - 0x00007ffd0e140000 	C:\WINDOWS\system32\nlansp_c.dll
0x00007ffd0e0d0000 - 0x00007ffd0e0e6000 	C:\WINDOWS\system32\wshbth.dll
0x00007ffd28030000 - 0x00007ffd2804c000 	C:\WINDOWS\SYSTEM32\CRYPTSP.dll
0x00007ffd277d0000 - 0x00007ffd2780a000 	C:\WINDOWS\system32\rsaenh.dll
0x00007ffd27e30000 - 0x00007ffd27e5b000 	C:\WINDOWS\SYSTEM32\USERENV.dll
0x00007ffd28940000 - 0x00007ffd28966000 	C:\WINDOWS\SYSTEM32\bcrypt.dll
0x00007ffd28050000 - 0x00007ffd2805c000 	C:\WINDOWS\SYSTEM32\CRYPTBASE.dll
0x00007ffd12d70000 - 0x00007ffd12d79000 	D:\New Applications\IDE\sts-4.30.0.RELEASE\plugins\org.eclipse.justj.openjdk.hotspot.jre.full.win32.x86_64_21.0.6.v20250130-0529\jre\bin\extnet.dll
0x00007ffd192e0000 - 0x00007ffd192f0000 	D:\New Applications\IDE\sts-4.30.0.RELEASE\plugins\org.eclipse.justj.openjdk.hotspot.jre.full.win32.x86_64_21.0.6.v20250130-0529\jre\bin\verify.dll
0x00007ffd13480000 - 0x00007ffd1348e000 	D:\New Applications\IDE\sts-4.30.0.RELEASE\plugins\org.eclipse.justj.openjdk.hotspot.jre.full.win32.x86_64_21.0.6.v20250130-0529\jre\bin\sunmscapi.dll
0x00007ffd28b10000 - 0x00007ffd28c87000 	C:\WINDOWS\System32\CRYPT32.dll
0x00007ffd28230000 - 0x00007ffd28260000 	C:\WINDOWS\SYSTEM32\ncrypt.dll
0x00007ffd281e0000 - 0x00007ffd2821f000 	C:\WINDOWS\SYSTEM32\NTASN1.dll
0x00007ffced6a0000 - 0x00007ffced6a8000 	C:\WINDOWS\system32\wshunix.dll

dbghelp: loaded successfully - version: 4.0.5 - missing functions: none
symbol engine: initialized successfully - sym options: 0x614 - pdb path: .;D:\New Applications\IDE\sts-4.30.0.RELEASE\plugins\org.eclipse.justj.openjdk.hotspot.jre.full.win32.x86_64_21.0.6.v20250130-0529\jre\bin;C:\WINDOWS\SYSTEM32;C:\WINDOWS\WinSxS\amd64_microsoft.windows.common-controls_6595b64144ccf1df_6.0.26100.3624_none_3e086962e3345f24;D:\New Applications\IDE\sts-4.30.0.RELEASE\plugins\org.eclipse.justj.openjdk.hotspot.jre.full.win32.x86_64_21.0.6.v20250130-0529\jre\bin\server

VM Arguments:
jvm_args: -XX:+ShowCodeDetailsInExceptionMessages -agentlib:jdwp=transport=dt_socket,suspend=y,address=localhost:58494 -Dcom.sun.management.jmxremote -Dcom.sun.management.jmxremote.port=58493 -Dcom.sun.management.jmxremote.authenticate=false -Dcom.sun.management.jmxremote.ssl=false -Djava.rmi.server.hostname=localhost -Dspring.jmx.enabled=true -Dmanagement.endpoints.jmx.exposure.include=* -Dspring.application.admin.enabled=true -Dspring.output.ansi.enabled=always -XX:TieredStopAtLevel=1 -Dspring.boot.project.name=support -javaagent:D:\New Applications\IDE\sts-4.30.0.RELEASE\configuration\org.eclipse.osgi\270\0\.cp\lib\javaagent-shaded.jar -Dfile.encoding=UTF-8 -Dstdout.encoding=UTF-8 -Dstderr.encoding=UTF-8 
java_command: com.medicssupport.support.SupportApplication
java_class_path (initial): D:\New Applications\My App\support\target\classes;C:\Users\Ahammad Darga\.m2\repository\org\springframework\boot\spring-boot-starter-data-jpa\3.4.5\spring-boot-starter-data-jpa-3.4.5.jar;C:\Users\Ahammad Darga\.m2\repository\org\springframework\boot\spring-boot-starter\3.4.5\spring-boot-starter-3.4.5.jar;C:\Users\Ahammad Darga\.m2\repository\org\springframework\boot\spring-boot-starter-logging\3.4.5\spring-boot-starter-logging-3.4.5.jar;C:\Users\Ahammad Darga\.m2\repository\ch\qos\logback\logback-classic\1.5.18\logback-classic-1.5.18.jar;C:\Users\Ahammad Darga\.m2\repository\ch\qos\logback\logback-core\1.5.18\logback-core-1.5.18.jar;C:\Users\Ahammad Darga\.m2\repository\org\apache\logging\log4j\log4j-to-slf4j\2.24.3\log4j-to-slf4j-2.24.3.jar;C:\Users\Ahammad Darga\.m2\repository\org\apache\logging\log4j\log4j-api\2.24.3\log4j-api-2.24.3.jar;C:\Users\Ahammad Darga\.m2\repository\org\slf4j\jul-to-slf4j\2.0.17\jul-to-slf4j-2.0.17.jar;C:\Users\Ahammad Darga\.m2\repository\jakarta\annotation\jakarta.annotation-api\2.1.1\jakarta.annotation-api-2.1.1.jar;C:\Users\Ahammad Darga\.m2\repository\org\yaml\snakeyaml\2.3\snakeyaml-2.3.jar;C:\Users\Ahammad Darga\.m2\repository\org\springframework\boot\spring-boot-starter-jdbc\3.4.5\spring-boot-starter-jdbc-3.4.5.jar;C:\Users\Ahammad Darga\.m2\repository\com\zaxxer\HikariCP\5.1.0\HikariCP-5.1.0.jar;C:\Users\Ahammad Darga\.m2\repository\org\springframework\spring-jdbc\6.2.6\spring-jdbc-6.2.6.jar;C:\Users\Ahammad Darga\.m2\repository\org\hibernate\orm\hibernate-core\6.6.13.Final\hibernate-core-6.6.13.Final.jar;C:\Users\Ahammad Darga\.m2\repository\jakarta\persistence\jakarta.persistence-api\3.1.0\jakarta.persistence-api-3.1.0.jar;C:\Users\Ahammad Darga\.m2\repository\jakarta\transaction\jakarta.transaction-api\2.0.1\jakarta.transaction-api-2.0.1.jar;C:\Users\Ahammad Darga\.m2\repository\org\jboss\logging\jboss-logging\3.6.1.Final\jboss-logging-3.6.1.Final.jar;C:\Users\Ahammad Darga\.m2\repository\org\hibernate\common\hibernate-commons-annotations\7.0.3.Final\hibernate-commons-annotations-7.0.3.Final.jar;C:\Users\Ahammad Darga\.m2\repository\io\smallrye\jandex\3.2.0\jandex-3.2.0.jar;C:\Users\Ahammad Darga\.m2\repository\com\fasterxml\classmate\1.7.0\classmate-1.7.0.jar;C:\Users\Ahammad Darga\.m2\repository\net\bytebuddy\byte-buddy\1.15.11\byte-buddy-1.15.11.jar;C:\Users\Ahammad Darga\.m2\repository\org\glassfish\jaxb\jaxb-runtime\4.0.5\jaxb-runtime-4.0.5.jar;C:\Users\Ahammad Darga\.m2\repository\org\glassfish\jaxb\jaxb-core\4.0.5\jaxb-core-4.0.5.jar;C:\Users\Ahammad Darga\.m2\repository\org\eclipse\angus\angus-activation\2.0.2\angus-activation-2.0.2.jar;C:\Users\Ahammad Darga\.m2\repository\org\glassfish\jaxb\txw2\4.0.5\txw2-4.0.5.jar;C:\Users\Ahammad Darga\.m2\repository\com\sun\istack\istack-commons-runtime\4.1.2\istack-commons-runtime-4.1.2.jar;C:\Users\Ahammad Darga\.m2\repository\jakarta\inject\jakarta.inject-api\2.0.1\jakarta.inject-api-2.0.1.jar;C:\Users\Ahammad Darga\.m2\repository\org\antlr\antlr4-runtime\4.13.0\antlr4-runtime-4.13.0.jar;C:\Users\Ahammad Darga\.m2\repository\org\springframework\data\spring-data-jpa\3.4.5\spring-data-jpa-3.4.5.jar;C:\Users\Ahammad Darga\.m2\repository\org\springframework\data\spring-data-commons\3.4.5\spring-data-commons-3.4.5.jar;C:\Users\Ahammad Darga\.m2\repository\org\springframework\spring-orm\6.2.6\spring-orm-6.2.6.jar;C:\Users\Ahammad Darga\.m2\repository\org\springframework\spring-context\6.2.6\spring-context-6.2.6.jar;C:\Users\Ahammad Darga\.m2\repository\org\springframework\spring-tx\6.2.6\spring-tx-6.2.6.jar;C:\Users\Ahammad Darga\.m2\repository\org\springframework\spring-beans\6.2.6\spring-beans-6.2.6.jar;C:\Users\Ahammad Darga\.m2\repository\org\slf4j\slf4j-api\2.0.17\slf4j-api-2.0.17.jar;C:\Users\Ahammad Darga\.m2\repository\org\springframework\spring-aspects\6.2.6\spring-aspects-6.2.6.jar;C:\Users\Ahammad Darga\.m2\repository\org\aspectj\aspectjweaver\1.9.24\aspectjweaver-1.9.24.jar;C:\Users\Ahammad Darga\.m2\repository\org\springframework\boot\spring-boot-starter-security\3.4.5\spring-boot-starter-security-3.4.5.jar;C:\Users\Ahammad Darga\.m2\repository\org\springframework\spring-aop\6.2.6\spring-aop-6.2.6.jar;C:\Users\Ahammad Darga\.m2\repository\org\springframework\security\spring-security-config\6.4.5\spring-security-config-6.4.5.jar;C:\Users\Ahammad Darga\.m2\repository\org\springframework\security\spring-security-web\6.4.5\spring-security-web-6.4.5.jar;C:\Users\Ahammad Darga\.m2\repository\org\springframework\spring-expression\6.2.6\spring-expression-6.2.6.jar;C:\Users\Ahammad Darga\.m2\repository\org\springframework\boot\spring-boot-starter-web\3.4.5\spring-boot-starter-web-3.4.5.jar;C:\Users\Ahammad Darga\.m2\repository\org\springframework\boot\spring-boot-starter-json\3.4.5\spring-boot-starter-json-3.4.5.jar;C:\Users\Ahammad Darga\.m2\repository\com\fasterxml\jackson\core\jackson-databind\2.18.3\jackson-databind-2.18.3.jar;C:\Users\Ahammad Darga\.m2\repository\com\fasterxml\jackson\core\jackson-annotations\2.18.3\jackson-annotations-2.18.3.jar;C:\Users\Ahammad Darga\.m2\repository\com\fasterxml\jackson\core\jackson-core\2.18.3\jackson-core-2.18.3.jar;C:\Users\Ahammad Darga\.m2\repository\com\fasterxml\jackson\datatype\jackson-datatype-jdk8\2.18.3\jackson-datatype-jdk8-2.18.3.jar;C:\Users\Ahammad Darga\.m2\repository\com\fasterxml\jackson\datatype\jackson-datatype-jsr310\2.18.3\jackson-datatype-jsr310-2.18.3.jar;C:\Users\Ahammad Darga\.m2\repository\com\fasterxml\jackson\module\jackson-module-parameter-names\2.18.3\jackson-module-parameter-names-2.18.3.jar;C:\Users\Ahammad Darga\.m2\repository\org\springframework\boot\spring-boot-starter-tomcat\3.4.5\spring-boot-starter-tomcat-3.4.5.jar;C:\Users\Ahammad Darga\.m2\repository\org\apache\tomcat\embed\tomcat-embed-core\10.1.40\tomcat-embed-core-10.1.40.jar;C:\Users\Ahammad Darga\.m2\repository\org\apache\tomcat\embed\tomcat-embed-el\10.1.40\tomcat-embed-el-10.1.40.jar;C:\Users\Ahammad Darga\.m2\repository\org\apache\tomcat\embed\tomcat-embed-websocket\10.1.40\tomcat-embed-websocket-10.1.40.jar;C:\Users\Ahammad Darga\.m2\repository\org\springframework\spring-web\6.2.6\spring-web-6.2.6.jar;C:\Users\Ahammad Darga\.m2\repository\io\micrometer\micrometer-observation\1.14.6\micrometer-observation-1.14.6.jar;C:\Users\Ahammad Darga\.m2\repository\io\micrometer\micrometer-commons\1.14.6\micrometer-commons-1.14.6.jar;C:\Users\Ahammad Darga\.m2\repository\org\springframework\spring-webmvc\6.2.6\spring-webmvc-6.2.6.jar;C:\Users\Ahammad Darga\.m2\repository\org\springframework\boot\spring-boot-devtools\3.4.5\spring-boot-devtools-3.4.5.jar;C:\Users\Ahammad Darga\.m2\repository\org\springframework\boot\spring-boot\3.4.5\spring-boot-3.4.5.jar;C:\Users\Ahammad Darga\.m2\repository\org\springframework\boot\spring-boot-autoconfigure\3.4.5\spring-boot-autoconfigure-3.4.5.jar;C:\Users\Ahammad Darga\.m2\repository\com\mysql\mysql-connector-j\9.1.0\mysql-connector-j-9.1.0.jar;C:\Users\Ahammad Darga\.m2\repository\org\projectlombok\lombok\1.18.38\lombok-1.18.38.jar;C:\Users\Ahammad Darga\.m2\repository\jakarta\xml\bind\jakarta.xml.bind-api\4.0.2\jakarta.xml.bind-api-4.0.2.jar;C:\Users\Ahammad Darga\.m2\repository\jakarta\activation\jakarta.activation-api\2.1.3\jakarta.activation-api-2.1.3.jar;C:\Users\Ahammad Darga\.m2\repository\org\springframework\spring-core\6.2.6\spring-core-6.2.6.jar;C:\Users\Ahammad Darga\.m2\repository\org\springframework\spring-jcl\6.2.6\spring-jcl-6.2.6.jar;C:\Users\Ahammad Darga\.m2\repository\org\springframework\security\spring-security-core\6.4.5\spring-security-core-6.4.5.jar;C:\Users\Ahammad Darga\.m2\repository\org\springframework\security\spring-security-crypto\6.4.5\spring-security-crypto-6.4.5.jar
Launcher Type: SUN_STANDARD

[Global flags]
     intx CICompilerCount                          = 4                                         {product} {ergonomic}
     uint ConcGCThreads                            = 2                                         {product} {ergonomic}
     uint G1ConcRefinementThreads                  = 8                                         {product} {ergonomic}
   size_t G1HeapRegionSize                         = 2097152                                   {product} {ergonomic}
    uintx GCDrainStackTargetSize                   = 64                                        {product} {ergonomic}
   size_t InitialHeapSize                          = 255852544                                 {product} {ergonomic}
     bool ManagementServer                         = true                                      {product} {command line}
   size_t MarkStackSize                            = 4194304                                   {product} {ergonomic}
   size_t MaxHeapSize                              = 4091543552                                {product} {ergonomic}
   size_t MaxNewSize                               = 2453667840                                {product} {ergonomic}
   size_t MinHeapDeltaBytes                        = 2097152                                   {product} {ergonomic}
   size_t MinHeapSize                              = 8388608                                   {product} {ergonomic}
    uintx NonNMethodCodeHeapSize                   = 4096                                   {pd product} {ergonomic}
    uintx NonProfiledCodeHeapSize                  = 0                                      {pd product} {ergonomic}
     bool ProfileInterpreter                       = false                                  {pd product} {command line}
    uintx ProfiledCodeHeapSize                     = 0                                      {pd product} {ergonomic}
     bool ShowCodeDetailsInExceptionMessages       = true                                   {manageable} {command line}
   size_t SoftMaxHeapSize                          = 4091543552                             {manageable} {ergonomic}
     intx TieredStopAtLevel                        = 1                                         {product} {command line}
     bool UseCompressedOops                        = true                           {product lp64_product} {ergonomic}
     bool UseG1GC                                  = true                                      {product} {ergonomic}
     bool UseLargePagesIndividualAllocation        = false                                  {pd product} {ergonomic}

Logging:
Log output configuration:
 #0: stdout all=warning uptime,level,tags foldmultilines=false
 #1: stderr all=off uptime,level,tags foldmultilines=false

Environment Variables:
JAVA_HOME=C:\Program Files\Java\jdk1.6.0_45
PATH=D:\New Applications\IDE\sts-4.30.0.RELEASE\plugins\org.eclipse.justj.openjdk.hotspot.jre.full.win32.x86_64_21.0.6.v20250130-0529\jre\bin;D:/New Applications/IDE/sts-4.30.0.RELEASE//plugins/org.eclipse.justj.openjdk.hotspot.jre.full.win32.x86_64_21.0.6.v20250130-0529/jre/bin/server;D:/New Applications/IDE/sts-4.30.0.RELEASE//plugins/org.eclipse.justj.openjdk.hotspot.jre.full.win32.x86_64_21.0.6.v20250130-0529/jre/bin;C:\Program Files\Java\jdk-24\bin;C:\Program Files\Java\jdk1.6.0_45\bin;c:\Users\Ahammad Darga\AppData\Local\Programs\cursor\resources\app\bin;C:\Program Files\Java\jdk1.6.0_45\bin;C:\Program Files\Java\jdk1.8.0_231\bin;C:\Program Files (x86)\Common Files\Oracle\Java\javapath;C:\Program Files\Common Files\Oracle\Java\javapath;C:\windows\system32;C:\windows;C:\windows\System32\Wbem;C:\windows\System32\WindowsPowerShell\v1.0\;C:\windows\System32\OpenSSH\;C:\Program Files\TortoiseGit\bin;C:\Program Files\Git\cmd;C:\Users\Ahammad Darga\AppData\Local\Microsoft\WindowsApps;C:\Users\Ahammad Darga\AppData\Roaming\npm;C:\Program Files (x86)\Sophos\Sophos SSL VPN Client\bin;C:\Program Files\nodejs\;C:\WINDOWS\system32;C:\WINDOWS;C:\WINDOWS\System32\Wbem;C:\WINDOWS\System32\WindowsPowerShell\v1.0\;C:\WINDOWS\System32\OpenSSH\;C:\Users\Ahammad Darga\AppData\Local\Programs\Microsoft VS Code\bin;C:\Users\Ahammad Darga\AppData\Local\Microsoft\WinGet\Packages\Schniz.fnm_Microsoft.Winget.Source_8wekyb3d8bbwe;C:\Program Files\JetBrains\IntelliJ IDEA 2025.1\bin;D:\New Applications\IDE\sts-4.30.0.RELEASE;
USERNAME=Ahammad Darga
OS=Windows_NT
PROCESSOR_IDENTIFIER=AMD64 Family 23 Model 160 Stepping 0, AuthenticAMD
TMP=C:\Users\AHAMMA~1\AppData\Local\Temp
TEMP=C:\Users\AHAMMA~1\AppData\Local\Temp




Periodic native trim disabled

---------------  S Y S T E M  ---------------

OS:
 Windows 11 , 64 bit Build 26100 (10.0.26100.3775)
OS uptime: 15 days 1:04 hours
Hyper-V role detected

CPU: total 8 (initial active 8) (8 cores per cpu, 2 threads per core) family 23 model 160 stepping 0 microcode 0x8a0000a, cx8, cmov, fxsr, ht, mmx, 3dnowpref, sse, sse2, sse3, ssse3, sse4a, sse4.1, sse4.2, popcnt, lzcnt, tsc, tscinvbit, avx, avx2, aes, clmul, bmi1, bmi2, adx, sha, fma, vzeroupper, clflush, clflushopt, hv, rdtscp, rdpid, f16c
Processor Information for processor 0
  Max Mhz: 2801, Current Mhz: 2483, Mhz Limit: 2801
Processor Information for processor 1
  Max Mhz: 2801, Current Mhz: 2483, Mhz Limit: 2801
Processor Information for processor 2
  Max Mhz: 2801, Current Mhz: 2483, Mhz Limit: 2801
Processor Information for processor 3
  Max Mhz: 2801, Current Mhz: 2483, Mhz Limit: 2801
Processor Information for processor 4
  Max Mhz: 2801, Current Mhz: 2801, Mhz Limit: 2801
Processor Information for processor 5
  Max Mhz: 2801, Current Mhz: 2483, Mhz Limit: 2801
Processor Information for processor 6
  Max Mhz: 2801, Current Mhz: 2483, Mhz Limit: 2801
Processor Information for processor 7
  Max Mhz: 2801, Current Mhz: 2483, Mhz Limit: 2801

Memory: 4k page, system-wide physical 15604M (1777M free)
TotalPageFile size 38132M (AvailPageFile size 9379M)
current process WorkingSet (physical memory assigned to process): 258M, peak: 274M
current process commit charge ("private bytes"): 300M, peak: 364M

vm_info: OpenJDK 64-Bit Server VM (21.0.6+7-LTS) for windows-amd64 JRE (21.0.6+7-LTS), built on 2025-01-21T00:00:00Z by "admin" with MS VC++ 17.7 (VS2022)

END.
